  [1m[36m (1.0ms)[0m  [1mCREATE TABLE "schema_migrations" ("version" varchar NOT NULL) [0m
  [1m[35m (0.1ms)[0m  select sqlite_version(*)
  [1m[36m (0.8ms)[0m  [1mCREATE UNIQUE INDEX "unique_schema_migrations" ON "schema_migrations" ("version")[0m
  [1m[35mActiveRecord::SchemaMigration Load (0.1ms)[0m  SELECT "schema_migrations".* FROM "schema_migrations"
Migrating to CreateBooks (20150902054144)
  [1m[36m (0.3ms)[0m  [1mbegin transaction[0m
DEPRECATION WARNING: `#timestamps` was called without specifying an option for `null`. In Rails 5, this behavior will change to `null: false`. You should manually specify `null: true` to prevent the behavior of your existing migrations from changing. (called from block in change at /Users/guychamberlain/Projects/bookstore/db/migrate/20150902054144_create_books.rb:8)
  [1m[35m (0.7ms)[0m  CREATE TABLE "books" ("id" INTEGER PRIMARY KEY AUTOINCREMENT NOT NULL, "title" text, "publication_date" date, "image" text, "author_id" integer, "created_at" datetime, "updated_at" datetime) 
  [1m[36mSQL (0.2ms)[0m  [1mINSERT INTO "schema_migrations" ("version") VALUES (?)[0m  [["version", "20150902054144"]]
  [1m[35m (0.8ms)[0m  commit transaction
Migrating to CreateAuthors (20150902054157)
  [1m[36m (0.0ms)[0m  [1mbegin transaction[0m
DEPRECATION WARNING: `#timestamps` was called without specifying an option for `null`. In Rails 5, this behavior will change to `null: false`. You should manually specify `null: true` to prevent the behavior of your existing migrations from changing. (called from block in change at /Users/guychamberlain/Projects/bookstore/db/migrate/20150902054157_create_authors.rb:6)
  [1m[35m (0.5ms)[0m  CREATE TABLE "authors" ("id" INTEGER PRIMARY KEY AUTOINCREMENT NOT NULL, "name" text, "image" text, "created_at" datetime, "updated_at" datetime) 
  [1m[36mSQL (0.1ms)[0m  [1mINSERT INTO "schema_migrations" ("version") VALUES (?)[0m  [["version", "20150902054157"]]
  [1m[35m (0.7ms)[0m  commit transaction
  [1m[36mActiveRecord::SchemaMigration Load (0.1ms)[0m  [1mSELECT "schema_migrations".* FROM "schema_migrations"[0m


Started GET "/" for ::1 at 2015-09-02 16:58:49 +1000
  [1m[36mActiveRecord::SchemaMigration Load (0.6ms)[0m  [1mSELECT "schema_migrations".* FROM "schema_migrations"[0m
Processing by Rails::WelcomeController#index as HTML
  Rendered /Users/guychamberlain/.rvm/gems/ruby-2.2.3/gems/railties-4.2.4/lib/rails/templates/rails/welcome/index.html.erb (1.6ms)
Completed 200 OK in 18ms (Views: 9.7ms | ActiveRecord: 0.0ms)


Started GET "/" for ::1 at 2015-09-02 17:00:51 +1000
Processing by Rails::WelcomeController#index as HTML
  Rendered /Users/guychamberlain/.rvm/gems/ruby-2.2.3/gems/railties-4.2.4/lib/rails/templates/rails/welcome/index.html.erb (0.0ms)
Completed 200 OK in 2ms (Views: 2.0ms | ActiveRecord: 0.0ms)


Started GET "/authors" for ::1 at 2015-09-02 17:01:51 +1000

SyntaxError (/Users/guychamberlain/Projects/bookstore/app/controllers/authors_controller.rb:40: syntax error, unexpected end-of-input, expecting keyword_end):
  app/controllers/authors_controller.rb:40: syntax error, unexpected end-of-input, expecting keyword_end


  Rendered /Users/guychamberlain/.rvm/gems/ruby-2.2.3/gems/actionpack-4.2.4/lib/action_dispatch/middleware/templates/rescues/_source.erb (4.6ms)
  Rendered /Users/guychamberlain/.rvm/gems/ruby-2.2.3/gems/actionpack-4.2.4/lib/action_dispatch/middleware/templates/rescues/_trace.html.erb (2.8ms)
  Rendered /Users/guychamberlain/.rvm/gems/ruby-2.2.3/gems/actionpack-4.2.4/lib/action_dispatch/middleware/templates/rescues/_request_and_response.html.erb (1.7ms)
  Rendered /Users/guychamberlain/.rvm/gems/ruby-2.2.3/gems/actionpack-4.2.4/lib/action_dispatch/middleware/templates/rescues/diagnostics.html.erb within rescues/layout (70.2ms)
  Rendered /Users/guychamberlain/.rvm/gems/ruby-2.2.3/gems/web-console-2.2.1/lib/web_console/templates/_markup.html.erb (0.6ms)
  Rendered /Users/guychamberlain/.rvm/gems/ruby-2.2.3/gems/web-console-2.2.1/lib/web_console/templates/_inner_console_markup.html.erb within layouts/inlined_string (0.5ms)
  Rendered /Users/guychamberlain/.rvm/gems/ruby-2.2.3/gems/web-console-2.2.1/lib/web_console/templates/_prompt_box_markup.html.erb within layouts/inlined_string (0.5ms)
  Rendered /Users/guychamberlain/.rvm/gems/ruby-2.2.3/gems/web-console-2.2.1/lib/web_console/templates/style.css.erb within layouts/inlined_string (0.5ms)
  Rendered /Users/guychamberlain/.rvm/gems/ruby-2.2.3/gems/web-console-2.2.1/lib/web_console/templates/console.js.erb within layouts/javascript (61.8ms)
  Rendered /Users/guychamberlain/.rvm/gems/ruby-2.2.3/gems/web-console-2.2.1/lib/web_console/templates/main.js.erb within layouts/javascript (0.5ms)
  Rendered /Users/guychamberlain/.rvm/gems/ruby-2.2.3/gems/web-console-2.2.1/lib/web_console/templates/error_page.js.erb within layouts/javascript (0.6ms)
  Rendered /Users/guychamberlain/.rvm/gems/ruby-2.2.3/gems/web-console-2.2.1/lib/web_console/templates/index.html.erb (137.1ms)


Started GET "/authors" for ::1 at 2015-09-02 17:02:41 +1000
Processing by AuthorsController#index as HTML
Completed 500 Internal Server Error in 4ms (ActiveRecord: 0.0ms)

NameError (undefined local variable or method `author' for #<AuthorsController:0x007fcb21e473b8>):
  app/controllers/authors_controller.rb:4:in `index'


  Rendered /Users/guychamberlain/.rvm/gems/ruby-2.2.3/gems/actionpack-4.2.4/lib/action_dispatch/middleware/templates/rescues/_source.erb (3.5ms)
  Rendered /Users/guychamberlain/.rvm/gems/ruby-2.2.3/gems/actionpack-4.2.4/lib/action_dispatch/middleware/templates/rescues/_trace.html.erb (1.7ms)
  Rendered /Users/guychamberlain/.rvm/gems/ruby-2.2.3/gems/actionpack-4.2.4/lib/action_dispatch/middleware/templates/rescues/_request_and_response.html.erb (0.7ms)
  Rendered /Users/guychamberlain/.rvm/gems/ruby-2.2.3/gems/actionpack-4.2.4/lib/action_dispatch/middleware/templates/rescues/diagnostics.html.erb within rescues/layout (47.6ms)
  Rendered /Users/guychamberlain/.rvm/gems/ruby-2.2.3/gems/web-console-2.2.1/lib/web_console/templates/_markup.html.erb (0.2ms)
  Rendered /Users/guychamberlain/.rvm/gems/ruby-2.2.3/gems/web-console-2.2.1/lib/web_console/templates/_inner_console_markup.html.erb within layouts/inlined_string (0.3ms)
  Rendered /Users/guychamberlain/.rvm/gems/ruby-2.2.3/gems/web-console-2.2.1/lib/web_console/templates/_prompt_box_markup.html.erb within layouts/inlined_string (0.3ms)
  Rendered /Users/guychamberlain/.rvm/gems/ruby-2.2.3/gems/web-console-2.2.1/lib/web_console/templates/style.css.erb within layouts/inlined_string (0.3ms)
  Rendered /Users/guychamberlain/.rvm/gems/ruby-2.2.3/gems/web-console-2.2.1/lib/web_console/templates/console.js.erb within layouts/javascript (36.4ms)
  Rendered /Users/guychamberlain/.rvm/gems/ruby-2.2.3/gems/web-console-2.2.1/lib/web_console/templates/main.js.erb within layouts/javascript (0.2ms)
  Rendered /Users/guychamberlain/.rvm/gems/ruby-2.2.3/gems/web-console-2.2.1/lib/web_console/templates/error_page.js.erb within layouts/javascript (0.4ms)
  Rendered /Users/guychamberlain/.rvm/gems/ruby-2.2.3/gems/web-console-2.2.1/lib/web_console/templates/index.html.erb (87.4ms)


Started GET "/authors" for ::1 at 2015-09-02 17:04:23 +1000
Processing by AuthorsController#index as HTML
  [1m[35mAuthor Load (1.1ms)[0m  SELECT "authors".* FROM "authors"
  Rendered authors/index.html.erb within layouts/application (3.0ms)
Completed 200 OK in 1793ms (Views: 1785.2ms | ActiveRecord: 1.2ms)


Started GET "/assets/authors.self-e3b0c44298fc1c149afbf4c8996fb92427ae41e4649b934ca495991b7852b855.css?body=1" for ::1 at 2015-09-02 17:04:24 +1000


Started GET "/assets/books.self-e3b0c44298fc1c149afbf4c8996fb92427ae41e4649b934ca495991b7852b855.css?body=1" for ::1 at 2015-09-02 17:04:24 +1000


Started GET "/assets/authors.self-877aef30ae1b040ab8a3aba4e3e309a11d7f2612f44dde450b5c157aa5f95c05.js?body=1" for ::1 at 2015-09-02 17:04:24 +1000


Started GET "/assets/books.self-877aef30ae1b040ab8a3aba4e3e309a11d7f2612f44dde450b5c157aa5f95c05.js?body=1" for ::1 at 2015-09-02 17:04:24 +1000


Started GET "/assets/jquery.self-a714331225dda820228db323939889f149aec0127aeb06255646b616ba1ca419.js?body=1" for ::1 at 2015-09-02 17:04:24 +1000


Started GET "/assets/application.self-e80e8f2318043e8af94dddc2adad5a4f09739a8ebb323b3ab31cd71d45fd9113.css?body=1" for ::1 at 2015-09-02 17:04:24 +1000


Started GET "/assets/jquery_ujs.self-d456baa54c1fa6be2ec3711f0a72ddf7a5b2f34a6b4f515f33767d6207b7d4b3.js?body=1" for ::1 at 2015-09-02 17:04:24 +1000


Started GET "/assets/turbolinks.self-c37727e9bd6b2735da5c311aa83fead54ed0be6cc8bd9a65309e9c5abe2cbfff.js?body=1" for ::1 at 2015-09-02 17:04:24 +1000


Started GET "/assets/application.self-3b8dabdc891efe46b9a144b400ad69e37d7e5876bdc39dee783419a69d7ca819.js?body=1" for ::1 at 2015-09-02 17:04:24 +1000


Started GET "/authors/new" for ::1 at 2015-09-02 17:04:34 +1000
Processing by AuthorsController#new as HTML
  Rendered authors/_form.html.erb (30.3ms)
  Rendered authors/new.html.erb within layouts/application (32.1ms)
Completed 200 OK in 78ms (Views: 70.8ms | ActiveRecord: 0.3ms)


Started POST "/authors" for ::1 at 2015-09-02 17:05:29 +1000
Processing by AuthorsController#create as HTML
  Parameters: {"utf8"=>"✓", "authenticity_token"=>"G6AAqwAOjLjuZv+zUsxFyAiewrf+djJoGCY3NEBJpA5tXsmKdQS9w0zUhqLeqa77aM04xaBGD+CHfnJ7bPHTRA==", "author"=>{"name"=>"Guy Chamberlain", "image"=>"http://farm4.static.flickr.com/3106/2722839481_c0a6b98d7a_m.jpg"}, "commit"=>"Create Author"}
  [1m[36m (0.1ms)[0m  [1mbegin transaction[0m
  [1m[35mSQL (0.9ms)[0m  INSERT INTO "authors" ("name", "image", "created_at", "updated_at") VALUES (?, ?, ?, ?)  [["name", "Guy Chamberlain"], ["image", "http://farm4.static.flickr.com/3106/2722839481_c0a6b98d7a_m.jpg"], ["created_at", "2015-09-02 07:05:29.323339"], ["updated_at", "2015-09-02 07:05:29.323339"]]
  [1m[36m (0.9ms)[0m  [1mcommit transaction[0m
Redirected to http://localhost:3000/authors/1
Completed 302 Found in 17ms (ActiveRecord: 1.9ms)


Started GET "/authors/1" for ::1 at 2015-09-02 17:05:29 +1000
Processing by AuthorsController#show as HTML
  Parameters: {"id"=>"1"}
  [1m[35mAuthor Load (0.2ms)[0m  SELECT  "authors".* FROM "authors" WHERE "authors"."id" = ? LIMIT 1  [["id", 1]]
  Rendered authors/show.html.erb within layouts/application (2.9ms)
Completed 500 Internal Server Error in 14ms (ActiveRecord: 0.2ms)

ActionView::Template::Error (undefined method `title' for #<Author:0x007fcb26b09048>):
    1: <h2><%= @author.title %> </h2>
    2: 
    3: <%= image_tag @author.image, :class => 'feature' %>
    4: 
  app/views/authors/show.html.erb:1:in `_app_views_authors_show_html_erb___4254224429296125568_70255259744340'


  Rendered /Users/guychamberlain/.rvm/gems/ruby-2.2.3/gems/actionpack-4.2.4/lib/action_dispatch/middleware/templates/rescues/_source.erb (9.0ms)
  Rendered /Users/guychamberlain/.rvm/gems/ruby-2.2.3/gems/actionpack-4.2.4/lib/action_dispatch/middleware/templates/rescues/_trace.html.erb (5.3ms)
  Rendered /Users/guychamberlain/.rvm/gems/ruby-2.2.3/gems/actionpack-4.2.4/lib/action_dispatch/middleware/templates/rescues/_request_and_response.html.erb (1.8ms)
  Rendered /Users/guychamberlain/.rvm/gems/ruby-2.2.3/gems/actionpack-4.2.4/lib/action_dispatch/middleware/templates/rescues/template_error.html.erb within rescues/layout (57.7ms)
  Rendered /Users/guychamberlain/.rvm/gems/ruby-2.2.3/gems/web-console-2.2.1/lib/web_console/templates/_markup.html.erb (0.3ms)
  Rendered /Users/guychamberlain/.rvm/gems/ruby-2.2.3/gems/web-console-2.2.1/lib/web_console/templates/_inner_console_markup.html.erb within layouts/inlined_string (0.5ms)
  Rendered /Users/guychamberlain/.rvm/gems/ruby-2.2.3/gems/web-console-2.2.1/lib/web_console/templates/_prompt_box_markup.html.erb within layouts/inlined_string (0.4ms)
  Rendered /Users/guychamberlain/.rvm/gems/ruby-2.2.3/gems/web-console-2.2.1/lib/web_console/templates/style.css.erb within layouts/inlined_string (0.2ms)
  Rendered /Users/guychamberlain/.rvm/gems/ruby-2.2.3/gems/web-console-2.2.1/lib/web_console/templates/console.js.erb within layouts/javascript (43.1ms)
  Rendered /Users/guychamberlain/.rvm/gems/ruby-2.2.3/gems/web-console-2.2.1/lib/web_console/templates/main.js.erb within layouts/javascript (0.3ms)
  Rendered /Users/guychamberlain/.rvm/gems/ruby-2.2.3/gems/web-console-2.2.1/lib/web_console/templates/error_page.js.erb within layouts/javascript (0.3ms)
  Rendered /Users/guychamberlain/.rvm/gems/ruby-2.2.3/gems/web-console-2.2.1/lib/web_console/templates/index.html.erb (93.1ms)


Started GET "/authors/1" for ::1 at 2015-09-02 17:06:27 +1000
Processing by AuthorsController#show as HTML
  Parameters: {"id"=>"1"}
  [1m[36mAuthor Load (0.1ms)[0m  [1mSELECT  "authors".* FROM "authors" WHERE "authors"."id" = ? LIMIT 1[0m  [["id", 1]]
  [1m[35mBook Load (0.3ms)[0m  SELECT "books".* FROM "books" WHERE "books"."author_id" = ?  [["author_id", 1]]
  Rendered authors/show.html.erb within layouts/application (24.2ms)
Completed 200 OK in 56ms (Views: 54.4ms | ActiveRecord: 0.6ms)


Started GET "/assets/books.self-e3b0c44298fc1c149afbf4c8996fb92427ae41e4649b934ca495991b7852b855.css?body=1" for ::1 at 2015-09-02 17:06:27 +1000


Started GET "/assets/jquery_ujs.self-d456baa54c1fa6be2ec3711f0a72ddf7a5b2f34a6b4f515f33767d6207b7d4b3.js?body=1" for ::1 at 2015-09-02 17:06:27 +1000


Started GET "/assets/application.self-e80e8f2318043e8af94dddc2adad5a4f09739a8ebb323b3ab31cd71d45fd9113.css?body=1" for ::1 at 2015-09-02 17:06:27 +1000


Started GET "/assets/jquery.self-a714331225dda820228db323939889f149aec0127aeb06255646b616ba1ca419.js?body=1" for ::1 at 2015-09-02 17:06:27 +1000


Started GET "/assets/authors.self-e3b0c44298fc1c149afbf4c8996fb92427ae41e4649b934ca495991b7852b855.css?body=1" for ::1 at 2015-09-02 17:06:27 +1000


Started GET "/assets/turbolinks.self-c37727e9bd6b2735da5c311aa83fead54ed0be6cc8bd9a65309e9c5abe2cbfff.js?body=1" for ::1 at 2015-09-02 17:06:27 +1000


Started GET "/assets/authors.self-877aef30ae1b040ab8a3aba4e3e309a11d7f2612f44dde450b5c157aa5f95c05.js?body=1" for ::1 at 2015-09-02 17:06:27 +1000


Started GET "/assets/books.self-877aef30ae1b040ab8a3aba4e3e309a11d7f2612f44dde450b5c157aa5f95c05.js?body=1" for ::1 at 2015-09-02 17:06:27 +1000


Started GET "/assets/application.self-3b8dabdc891efe46b9a144b400ad69e37d7e5876bdc39dee783419a69d7ca819.js?body=1" for ::1 at 2015-09-02 17:06:27 +1000


Started GET "/books/new" for ::1 at 2015-09-02 17:06:36 +1000
Processing by BooksController#new as HTML
  [1m[36mAuthor Load (0.2ms)[0m  [1mSELECT "authors".* FROM "authors"[0m
  Rendered books/_form.html.erb (6.1ms)
  Rendered books/new.html.erb within layouts/application (8.5ms)
Completed 200 OK in 52ms (Views: 46.3ms | ActiveRecord: 0.4ms)


Started GET "/books/new" for ::1 at 2015-09-02 17:07:03 +1000
Processing by BooksController#new as HTML
  [1m[35mAuthor Load (0.1ms)[0m  SELECT "authors".* FROM "authors"
  Rendered books/_form.html.erb (3.1ms)
  Rendered books/new.html.erb within layouts/application (4.4ms)
Completed 200 OK in 40ms (Views: 39.1ms | ActiveRecord: 0.1ms)


Started GET "/assets/authors.self-e3b0c44298fc1c149afbf4c8996fb92427ae41e4649b934ca495991b7852b855.css?body=1" for ::1 at 2015-09-02 17:07:03 +1000


Started GET "/assets/jquery.self-a714331225dda820228db323939889f149aec0127aeb06255646b616ba1ca419.js?body=1" for ::1 at 2015-09-02 17:07:03 +1000


Started GET "/assets/application.self-e80e8f2318043e8af94dddc2adad5a4f09739a8ebb323b3ab31cd71d45fd9113.css?body=1" for ::1 at 2015-09-02 17:07:03 +1000


Started GET "/assets/books.self-e3b0c44298fc1c149afbf4c8996fb92427ae41e4649b934ca495991b7852b855.css?body=1" for ::1 at 2015-09-02 17:07:03 +1000


Started GET "/assets/jquery_ujs.self-d456baa54c1fa6be2ec3711f0a72ddf7a5b2f34a6b4f515f33767d6207b7d4b3.js?body=1" for ::1 at 2015-09-02 17:07:03 +1000


Started GET "/assets/turbolinks.self-c37727e9bd6b2735da5c311aa83fead54ed0be6cc8bd9a65309e9c5abe2cbfff.js?body=1" for ::1 at 2015-09-02 17:07:03 +1000


Started GET "/assets/authors.self-877aef30ae1b040ab8a3aba4e3e309a11d7f2612f44dde450b5c157aa5f95c05.js?body=1" for ::1 at 2015-09-02 17:07:03 +1000


Started GET "/assets/books.self-877aef30ae1b040ab8a3aba4e3e309a11d7f2612f44dde450b5c157aa5f95c05.js?body=1" for ::1 at 2015-09-02 17:07:03 +1000


Started GET "/assets/application.self-3b8dabdc891efe46b9a144b400ad69e37d7e5876bdc39dee783419a69d7ca819.js?body=1" for ::1 at 2015-09-02 17:07:03 +1000


Started POST "/books" for ::1 at 2015-09-02 17:08:07 +1000
Processing by BooksController#create as HTML
  Parameters: {"utf8"=>"✓", "authenticity_token"=>"D7iy0G7utI85OT9hq339JQ1ErGU7nLaUKsFID1aY+Zd5RnvxG+SF9JuLRnAnGBYWbRdWF2Wsixy1mQ1AeiCO3Q==", "book"=>{"title"=>"Rails for Morons", "publication_date"=>"12/12/2012", "image"=>"http://ecx.images-amazon.com/images/I/51MFPYXRr1L._SX258_BO1,204,203,200_.jpg", "author_id"=>"1"}, "commit"=>"Create Book"}
  [1m[36m (0.1ms)[0m  [1mbegin transaction[0m
  [1m[35mSQL (0.4ms)[0m  INSERT INTO "books" ("title", "publication_date", "image", "author_id", "created_at", "updated_at") VALUES (?, ?, ?, ?, ?, ?)  [["title", "Rails for Morons"], ["publication_date", "2012-12-12"], ["image", "http://ecx.images-amazon.com/images/I/51MFPYXRr1L._SX258_BO1,204,203,200_.jpg"], ["author_id", 1], ["created_at", "2015-09-02 07:08:07.856719"], ["updated_at", "2015-09-02 07:08:07.856719"]]
  [1m[36m (0.7ms)[0m  [1mcommit transaction[0m
Redirected to http://localhost:3000/books/1
Completed 302 Found in 5ms (ActiveRecord: 1.2ms)


Started GET "/books/1" for ::1 at 2015-09-02 17:08:07 +1000
Processing by BooksController#show as HTML
  Parameters: {"id"=>"1"}
  [1m[35mBook Load (0.2ms)[0m  SELECT  "books".* FROM "books" WHERE "books"."id" = ? LIMIT 1  [["id", 1]]
  [1m[36mAuthor Load (0.1ms)[0m  [1mSELECT  "authors".* FROM "authors" WHERE "authors"."id" = ? LIMIT 1[0m  [["id", 1]]
  Rendered books/show.html.erb within layouts/application (5.9ms)
Completed 200 OK in 43ms (Views: 41.9ms | ActiveRecord: 0.3ms)


Started GET "/authors/1" for ::1 at 2015-09-02 17:08:15 +1000
Processing by AuthorsController#show as HTML
  Parameters: {"id"=>"1"}
  [1m[35mAuthor Load (0.1ms)[0m  SELECT  "authors".* FROM "authors" WHERE "authors"."id" = ? LIMIT 1  [["id", 1]]
  [1m[36mBook Load (0.1ms)[0m  [1mSELECT "books".* FROM "books" WHERE "books"."author_id" = ?[0m  [["author_id", 1]]
  Rendered authors/show.html.erb within layouts/application (2.0ms)
Completed 200 OK in 47ms (Views: 45.5ms | ActiveRecord: 0.2ms)


Started GET "/authors/1" for ::1 at 2015-09-02 17:10:46 +1000
Processing by AuthorsController#show as HTML
  Parameters: {"id"=>"1"}
  [1m[35mAuthor Load (0.1ms)[0m  SELECT  "authors".* FROM "authors" WHERE "authors"."id" = ? LIMIT 1  [["id", 1]]
  [1m[36mBook Load (0.1ms)[0m  [1mSELECT "books".* FROM "books" WHERE "books"."author_id" = ?[0m  [["author_id", 1]]
  Rendered authors/show.html.erb within layouts/application (1.4ms)
Completed 200 OK in 35ms (Views: 33.3ms | ActiveRecord: 0.2ms)


Started GET "/assets/authors.self-e3b0c44298fc1c149afbf4c8996fb92427ae41e4649b934ca495991b7852b855.css?body=1" for ::1 at 2015-09-02 17:10:46 +1000


Started GET "/assets/books.self-e3b0c44298fc1c149afbf4c8996fb92427ae41e4649b934ca495991b7852b855.css?body=1" for ::1 at 2015-09-02 17:10:46 +1000


Started GET "/assets/jquery.self-a714331225dda820228db323939889f149aec0127aeb06255646b616ba1ca419.js?body=1" for ::1 at 2015-09-02 17:10:46 +1000


Started GET "/assets/turbolinks.self-c37727e9bd6b2735da5c311aa83fead54ed0be6cc8bd9a65309e9c5abe2cbfff.js?body=1" for ::1 at 2015-09-02 17:10:46 +1000


Started GET "/assets/application.self-e80e8f2318043e8af94dddc2adad5a4f09739a8ebb323b3ab31cd71d45fd9113.css?body=1" for ::1 at 2015-09-02 17:10:46 +1000


Started GET "/assets/jquery_ujs.self-d456baa54c1fa6be2ec3711f0a72ddf7a5b2f34a6b4f515f33767d6207b7d4b3.js?body=1" for ::1 at 2015-09-02 17:10:46 +1000


Started GET "/assets/books.self-877aef30ae1b040ab8a3aba4e3e309a11d7f2612f44dde450b5c157aa5f95c05.js?body=1" for ::1 at 2015-09-02 17:10:46 +1000


Started GET "/assets/authors.self-877aef30ae1b040ab8a3aba4e3e309a11d7f2612f44dde450b5c157aa5f95c05.js?body=1" for ::1 at 2015-09-02 17:10:46 +1000


Started GET "/assets/application.self-3b8dabdc891efe46b9a144b400ad69e37d7e5876bdc39dee783419a69d7ca819.js?body=1" for ::1 at 2015-09-02 17:10:46 +1000


Started GET "/authors/1" for ::1 at 2015-09-02 17:11:24 +1000
Processing by AuthorsController#show as HTML
  Parameters: {"id"=>"1"}
  [1m[35mAuthor Load (0.1ms)[0m  SELECT  "authors".* FROM "authors" WHERE "authors"."id" = ? LIMIT 1  [["id", 1]]
  [1m[36mBook Load (0.1ms)[0m  [1mSELECT "books".* FROM "books" WHERE "books"."author_id" = ?[0m  [["author_id", 1]]
  Rendered authors/show.html.erb within layouts/application (1.4ms)
Completed 200 OK in 42ms (Views: 40.4ms | ActiveRecord: 0.2ms)


Started GET "/assets/authors.self-e3b0c44298fc1c149afbf4c8996fb92427ae41e4649b934ca495991b7852b855.css?body=1" for ::1 at 2015-09-02 17:11:24 +1000


Started GET "/assets/books.self-e3b0c44298fc1c149afbf4c8996fb92427ae41e4649b934ca495991b7852b855.css?body=1" for ::1 at 2015-09-02 17:11:24 +1000


Started GET "/assets/application.self-e80e8f2318043e8af94dddc2adad5a4f09739a8ebb323b3ab31cd71d45fd9113.css?body=1" for ::1 at 2015-09-02 17:11:24 +1000


Started GET "/assets/jquery.self-a714331225dda820228db323939889f149aec0127aeb06255646b616ba1ca419.js?body=1" for ::1 at 2015-09-02 17:11:24 +1000


Started GET "/assets/authors.self-877aef30ae1b040ab8a3aba4e3e309a11d7f2612f44dde450b5c157aa5f95c05.js?body=1" for ::1 at 2015-09-02 17:11:24 +1000


Started GET "/assets/jquery_ujs.self-d456baa54c1fa6be2ec3711f0a72ddf7a5b2f34a6b4f515f33767d6207b7d4b3.js?body=1" for ::1 at 2015-09-02 17:11:24 +1000


Started GET "/assets/turbolinks.self-c37727e9bd6b2735da5c311aa83fead54ed0be6cc8bd9a65309e9c5abe2cbfff.js?body=1" for ::1 at 2015-09-02 17:11:24 +1000


Started GET "/assets/books.self-877aef30ae1b040ab8a3aba4e3e309a11d7f2612f44dde450b5c157aa5f95c05.js?body=1" for ::1 at 2015-09-02 17:11:24 +1000


Started GET "/assets/application.self-3b8dabdc891efe46b9a144b400ad69e37d7e5876bdc39dee783419a69d7ca819.js?body=1" for ::1 at 2015-09-02 17:11:24 +1000


Started GET "/authors/1/edit" for ::1 at 2015-09-02 17:11:41 +1000
Processing by AuthorsController#edit as HTML
  Parameters: {"id"=>"1"}
  [1m[35mAuthor Load (0.3ms)[0m  SELECT  "authors".* FROM "authors" WHERE "authors"."id" = ? LIMIT 1  [["id", 1]]
  Rendered authors/_form.html.erb (1.7ms)
  Rendered authors/edit.html.erb within layouts/application (3.4ms)
Completed 200 OK in 39ms (Views: 37.3ms | ActiveRecord: 0.3ms)


Started PATCH "/authors/1" for ::1 at 2015-09-02 17:11:43 +1000
Processing by AuthorsController#update as HTML
  Parameters: {"utf8"=>"✓", "authenticity_token"=>"aTugk0ORva8FD+eE90aSgj0r+18u+gZSaWkT0Vv1m0cfxWmyNpuM1Ke9npV7I3mxXXgBLXDKO9r2MVaed03sDQ==", "author"=>{"name"=>"Guy Chamberlain", "image"=>"http://farm4.static.flickr.com/3106/2722839481_c0a6b98d7a_m.jpg"}, "commit"=>"Update Author", "id"=>"1"}
  [1m[36mAuthor Load (0.2ms)[0m  [1mSELECT  "authors".* FROM "authors" WHERE "authors"."id" = ? LIMIT 1[0m  [["id", 1]]
  [1m[35m (0.1ms)[0m  begin transaction
  [1m[36m (0.1ms)[0m  [1mcommit transaction[0m
Redirected to http://localhost:3000/authors/1
Completed 302 Found in 4ms (ActiveRecord: 0.3ms)


Started GET "/authors/1" for ::1 at 2015-09-02 17:11:43 +1000
Processing by AuthorsController#show as HTML
  Parameters: {"id"=>"1"}
  [1m[35mAuthor Load (0.1ms)[0m  SELECT  "authors".* FROM "authors" WHERE "authors"."id" = ? LIMIT 1  [["id", 1]]
  [1m[36mBook Load (0.1ms)[0m  [1mSELECT "books".* FROM "books" WHERE "books"."author_id" = ?[0m  [["author_id", 1]]
  Rendered authors/show.html.erb within layouts/application (1.6ms)
Completed 200 OK in 49ms (Views: 47.4ms | ActiveRecord: 0.2ms)


Started GET "/authors/1" for ::1 at 2015-09-02 17:12:33 +1000
Processing by AuthorsController#show as HTML
  Parameters: {"id"=>"1"}
  [1m[35mAuthor Load (0.1ms)[0m  SELECT  "authors".* FROM "authors" WHERE "authors"."id" = ? LIMIT 1  [["id", 1]]
  [1m[36mBook Load (0.1ms)[0m  [1mSELECT "books".* FROM "books" WHERE "books"."author_id" = ?[0m  [["author_id", 1]]
  Rendered authors/show.html.erb within layouts/application (2.0ms)
Completed 200 OK in 38ms (Views: 36.6ms | ActiveRecord: 0.2ms)


Started GET "/assets/books.self-e3b0c44298fc1c149afbf4c8996fb92427ae41e4649b934ca495991b7852b855.css?body=1" for ::1 at 2015-09-02 17:12:33 +1000


Started GET "/assets/jquery_ujs.self-d456baa54c1fa6be2ec3711f0a72ddf7a5b2f34a6b4f515f33767d6207b7d4b3.js?body=1" for ::1 at 2015-09-02 17:12:33 +1000


Started GET "/assets/application.self-e80e8f2318043e8af94dddc2adad5a4f09739a8ebb323b3ab31cd71d45fd9113.css?body=1" for ::1 at 2015-09-02 17:12:33 +1000


Started GET "/assets/authors.self-e3b0c44298fc1c149afbf4c8996fb92427ae41e4649b934ca495991b7852b855.css?body=1" for ::1 at 2015-09-02 17:12:33 +1000


Started GET "/assets/jquery.self-a714331225dda820228db323939889f149aec0127aeb06255646b616ba1ca419.js?body=1" for ::1 at 2015-09-02 17:12:33 +1000


Started GET "/assets/turbolinks.self-c37727e9bd6b2735da5c311aa83fead54ed0be6cc8bd9a65309e9c5abe2cbfff.js?body=1" for ::1 at 2015-09-02 17:12:33 +1000


Started GET "/assets/authors.self-877aef30ae1b040ab8a3aba4e3e309a11d7f2612f44dde450b5c157aa5f95c05.js?body=1" for ::1 at 2015-09-02 17:12:33 +1000


Started GET "/assets/books.self-877aef30ae1b040ab8a3aba4e3e309a11d7f2612f44dde450b5c157aa5f95c05.js?body=1" for ::1 at 2015-09-02 17:12:33 +1000


Started GET "/assets/application.self-3b8dabdc891efe46b9a144b400ad69e37d7e5876bdc39dee783419a69d7ca819.js?body=1" for ::1 at 2015-09-02 17:12:33 +1000


Started GET "/authors/1" for ::1 at 2015-09-02 17:12:57 +1000
Processing by AuthorsController#show as HTML
  Parameters: {"id"=>"1"}
  [1m[35mAuthor Load (0.1ms)[0m  SELECT  "authors".* FROM "authors" WHERE "authors"."id" = ? LIMIT 1  [["id", 1]]
  [1m[36mBook Load (0.1ms)[0m  [1mSELECT "books".* FROM "books" WHERE "books"."author_id" = ?[0m  [["author_id", 1]]
  Rendered authors/show.html.erb within layouts/application (3.7ms)
Completed 200 OK in 34ms (Views: 32.9ms | ActiveRecord: 0.2ms)


Started GET "/assets/authors.self-e3b0c44298fc1c149afbf4c8996fb92427ae41e4649b934ca495991b7852b855.css?body=1" for ::1 at 2015-09-02 17:12:57 +1000


Started GET "/assets/turbolinks.self-c37727e9bd6b2735da5c311aa83fead54ed0be6cc8bd9a65309e9c5abe2cbfff.js?body=1" for ::1 at 2015-09-02 17:12:57 +1000


Started GET "/assets/jquery_ujs.self-d456baa54c1fa6be2ec3711f0a72ddf7a5b2f34a6b4f515f33767d6207b7d4b3.js?body=1" for ::1 at 2015-09-02 17:12:57 +1000


Started GET "/assets/books.self-e3b0c44298fc1c149afbf4c8996fb92427ae41e4649b934ca495991b7852b855.css?body=1" for ::1 at 2015-09-02 17:12:57 +1000


Started GET "/assets/jquery.self-a714331225dda820228db323939889f149aec0127aeb06255646b616ba1ca419.js?body=1" for ::1 at 2015-09-02 17:12:57 +1000


Started GET "/assets/application.self-e80e8f2318043e8af94dddc2adad5a4f09739a8ebb323b3ab31cd71d45fd9113.css?body=1" for ::1 at 2015-09-02 17:12:57 +1000


Started GET "/assets/authors.self-877aef30ae1b040ab8a3aba4e3e309a11d7f2612f44dde450b5c157aa5f95c05.js?body=1" for ::1 at 2015-09-02 17:12:57 +1000


Started GET "/assets/books.self-877aef30ae1b040ab8a3aba4e3e309a11d7f2612f44dde450b5c157aa5f95c05.js?body=1" for ::1 at 2015-09-02 17:12:57 +1000


Started GET "/assets/application.self-3b8dabdc891efe46b9a144b400ad69e37d7e5876bdc39dee783419a69d7ca819.js?body=1" for ::1 at 2015-09-02 17:12:57 +1000


Started GET "/books/1" for ::1 at 2015-09-02 17:13:02 +1000
Processing by BooksController#show as HTML
  Parameters: {"id"=>"1"}
  [1m[35mBook Load (0.1ms)[0m  SELECT  "books".* FROM "books" WHERE "books"."id" = ? LIMIT 1  [["id", 1]]
  [1m[36mAuthor Load (0.1ms)[0m  [1mSELECT  "authors".* FROM "authors" WHERE "authors"."id" = ? LIMIT 1[0m  [["id", 1]]
  Rendered books/show.html.erb within layouts/application (1.8ms)
Completed 200 OK in 34ms (Views: 33.1ms | ActiveRecord: 0.2ms)


Started GET "/books/1/edit" for ::1 at 2015-09-02 17:13:12 +1000
Processing by BooksController#edit as HTML
  Parameters: {"id"=>"1"}
  [1m[35mBook Load (0.1ms)[0m  SELECT  "books".* FROM "books" WHERE "books"."id" = ? LIMIT 1  [["id", 1]]
  [1m[36mAuthor Load (0.1ms)[0m  [1mSELECT "authors".* FROM "authors"[0m
  Rendered books/_form.html.erb (3.1ms)
  Rendered books/edit.html.erb within layouts/application (4.9ms)
Completed 200 OK in 43ms (Views: 41.0ms | ActiveRecord: 0.3ms)


Started PATCH "/books/1" for ::1 at 2015-09-02 17:13:21 +1000
Processing by BooksController#update as HTML
  Parameters: {"utf8"=>"✓", "authenticity_token"=>"VAoXz1THOImTqlU33cQdqZ08+xMFAXZKJpQtPATuLyQi9N7uIc0J8jEYLCZRofaa/W8BYVsxS8K5zGhzKFZYbg==", "book"=>{"title"=>"Rails for Dummies", "publication_date"=>"2012-12-12", "image"=>"http://ecx.images-amazon.com/images/I/51MFPYXRr1L._SX258_BO1,204,203,200_.jpg", "author_id"=>"1"}, "commit"=>"Update Book", "id"=>"1"}
  [1m[35mBook Load (0.1ms)[0m  SELECT  "books".* FROM "books" WHERE "books"."id" = ? LIMIT 1  [["id", 1]]
  [1m[36m (0.0ms)[0m  [1mbegin transaction[0m
  [1m[35mSQL (0.3ms)[0m  UPDATE "books" SET "title" = ?, "updated_at" = ? WHERE "books"."id" = ?  [["title", "Rails for Dummies"], ["updated_at", "2015-09-02 07:13:21.404325"], ["id", 1]]
  [1m[36m (1.5ms)[0m  [1mcommit transaction[0m
Redirected to http://localhost:3000/books/1
Completed 302 Found in 6ms (ActiveRecord: 2.0ms)


Started GET "/books/1" for ::1 at 2015-09-02 17:13:21 +1000
Processing by BooksController#show as HTML
  Parameters: {"id"=>"1"}
  [1m[35mBook Load (0.1ms)[0m  SELECT  "books".* FROM "books" WHERE "books"."id" = ? LIMIT 1  [["id", 1]]
  [1m[36mAuthor Load (0.1ms)[0m  [1mSELECT  "authors".* FROM "authors" WHERE "authors"."id" = ? LIMIT 1[0m  [["id", 1]]
  Rendered books/show.html.erb within layouts/application (1.2ms)
Completed 200 OK in 46ms (Views: 44.6ms | ActiveRecord: 0.2ms)


Started GET "/authors/1" for ::1 at 2015-09-02 17:13:40 +1000
Processing by AuthorsController#show as HTML
  Parameters: {"id"=>"1"}
  [1m[35mAuthor Load (0.1ms)[0m  SELECT  "authors".* FROM "authors" WHERE "authors"."id" = ? LIMIT 1  [["id", 1]]
  [1m[36mBook Load (0.1ms)[0m  [1mSELECT "books".* FROM "books" WHERE "books"."author_id" = ?[0m  [["author_id", 1]]
  Rendered authors/show.html.erb within layouts/application (1.9ms)
Completed 200 OK in 37ms (Views: 35.2ms | ActiveRecord: 0.2ms)


Started GET "/authors/1" for ::1 at 2015-09-02 17:15:01 +1000
Processing by AuthorsController#show as HTML
  Parameters: {"id"=>"1"}
  [1m[35mAuthor Load (0.1ms)[0m  SELECT  "authors".* FROM "authors" WHERE "authors"."id" = ? LIMIT 1  [["id", 1]]
  [1m[36mBook Load (0.1ms)[0m  [1mSELECT "books".* FROM "books" WHERE "books"."author_id" = ?[0m  [["author_id", 1]]
  Rendered authors/show.html.erb within layouts/application (1.3ms)
Completed 200 OK in 52ms (Views: 50.8ms | ActiveRecord: 0.2ms)


Started GET "/assets/authors.self-d8bffda54cc798bfd098c2ccecaa0debaf41cea4acbe377c0821d4414a6ed433.css?body=1" for ::1 at 2015-09-02 17:15:01 +1000


Started GET "/assets/books.self-e3b0c44298fc1c149afbf4c8996fb92427ae41e4649b934ca495991b7852b855.css?body=1" for ::1 at 2015-09-02 17:15:01 +1000


Started GET "/assets/authors.self-877aef30ae1b040ab8a3aba4e3e309a11d7f2612f44dde450b5c157aa5f95c05.js?body=1" for ::1 at 2015-09-02 17:15:01 +1000


Started GET "/assets/application.self-e80e8f2318043e8af94dddc2adad5a4f09739a8ebb323b3ab31cd71d45fd9113.css?body=1" for ::1 at 2015-09-02 17:15:01 +1000


Started GET "/assets/books.self-877aef30ae1b040ab8a3aba4e3e309a11d7f2612f44dde450b5c157aa5f95c05.js?body=1" for ::1 at 2015-09-02 17:15:01 +1000


Started GET "/assets/jquery.self-a714331225dda820228db323939889f149aec0127aeb06255646b616ba1ca419.js?body=1" for ::1 at 2015-09-02 17:15:01 +1000


Started GET "/assets/jquery_ujs.self-d456baa54c1fa6be2ec3711f0a72ddf7a5b2f34a6b4f515f33767d6207b7d4b3.js?body=1" for ::1 at 2015-09-02 17:15:01 +1000


Started GET "/assets/application.self-3b8dabdc891efe46b9a144b400ad69e37d7e5876bdc39dee783419a69d7ca819.js?body=1" for ::1 at 2015-09-02 17:15:01 +1000


Started GET "/assets/turbolinks.self-c37727e9bd6b2735da5c311aa83fead54ed0be6cc8bd9a65309e9c5abe2cbfff.js?body=1" for ::1 at 2015-09-02 17:15:01 +1000


Started GET "/authors/1/edit" for ::1 at 2015-09-02 17:15:04 +1000
Processing by AuthorsController#edit as HTML
  Parameters: {"id"=>"1"}
  [1m[35mAuthor Load (0.1ms)[0m  SELECT  "authors".* FROM "authors" WHERE "authors"."id" = ? LIMIT 1  [["id", 1]]
  Rendered authors/_form.html.erb (1.8ms)
  Rendered authors/edit.html.erb within layouts/application (3.2ms)
Completed 200 OK in 38ms (Views: 37.2ms | ActiveRecord: 0.1ms)


Started PATCH "/authors/1" for ::1 at 2015-09-02 17:15:13 +1000
Processing by AuthorsController#update as HTML
  Parameters: {"utf8"=>"✓", "authenticity_token"=>"2UuJ0NqdCGxNSIJGS3aiXv77AmDYzGcN5mwX8qxT92uvtUDxr5c5F+/6+1fHE0ltnqj4Eob8WoV5NFK9gOuAIQ==", "author"=>{"name"=>"Guy Chamberlain", "image"=>"http://farm4.static.flickr.com/3106/2722839481_c0a6b98d7a_m.jpg"}, "commit"=>"Update Author", "id"=>"1"}
  [1m[36mAuthor Load (0.2ms)[0m  [1mSELECT  "authors".* FROM "authors" WHERE "authors"."id" = ? LIMIT 1[0m  [["id", 1]]
  [1m[35m (0.1ms)[0m  begin transaction
  [1m[36m (0.0ms)[0m  [1mcommit transaction[0m
Redirected to http://localhost:3000/authors/1
Completed 302 Found in 3ms (ActiveRecord: 0.3ms)


Started GET "/authors/1" for ::1 at 2015-09-02 17:15:13 +1000
Processing by AuthorsController#show as HTML
  Parameters: {"id"=>"1"}
  [1m[35mAuthor Load (0.1ms)[0m  SELECT  "authors".* FROM "authors" WHERE "authors"."id" = ? LIMIT 1  [["id", 1]]
  [1m[36mBook Load (0.1ms)[0m  [1mSELECT "books".* FROM "books" WHERE "books"."author_id" = ?[0m  [["author_id", 1]]
  Rendered authors/show.html.erb within layouts/application (1.6ms)
Completed 200 OK in 44ms (Views: 42.6ms | ActiveRecord: 0.2ms)


Started GET "/books/1" for ::1 at 2015-09-02 17:15:15 +1000
Processing by BooksController#show as HTML
  Parameters: {"id"=>"1"}
  [1m[35mBook Load (0.1ms)[0m  SELECT  "books".* FROM "books" WHERE "books"."id" = ? LIMIT 1  [["id", 1]]
  [1m[36mAuthor Load (0.1ms)[0m  [1mSELECT  "authors".* FROM "authors" WHERE "authors"."id" = ? LIMIT 1[0m  [["id", 1]]
  Rendered books/show.html.erb within layouts/application (1.3ms)
Completed 200 OK in 32ms (Views: 31.2ms | ActiveRecord: 0.2ms)


Started GET "/books/1/edit" for ::1 at 2015-09-02 17:15:28 +1000
Processing by BooksController#edit as HTML
  Parameters: {"id"=>"1"}
  [1m[35mBook Load (0.1ms)[0m  SELECT  "books".* FROM "books" WHERE "books"."id" = ? LIMIT 1  [["id", 1]]
  [1m[36mAuthor Load (0.1ms)[0m  [1mSELECT "authors".* FROM "authors"[0m
  Rendered books/_form.html.erb (2.6ms)
  Rendered books/edit.html.erb within layouts/application (3.9ms)
Completed 200 OK in 40ms (Views: 38.4ms | ActiveRecord: 0.3ms)


Started PATCH "/books/1" for ::1 at 2015-09-02 17:15:38 +1000
Processing by BooksController#update as HTML
  Parameters: {"utf8"=>"✓", "authenticity_token"=>"lAuaK115RvR0G2GFErkr+BOJJpHTWMcxm1uMKnlG9Bni9VMKKHN3j9apGJSe3MDLc9rc441o+rkEA8llVf6DUw==", "book"=>{"title"=>"Rails for Dummies", "publication_date"=>"2012-12-12", "image"=>"http://ecx.images-amazon.com/images/I/51MFPYXRr1L._SX258_BO1,204,203,200_.jpg", "author_id"=>"1"}, "commit"=>"Update Book", "id"=>"1"}
  [1m[35mBook Load (0.2ms)[0m  SELECT  "books".* FROM "books" WHERE "books"."id" = ? LIMIT 1  [["id", 1]]
  [1m[36m (0.1ms)[0m  [1mbegin transaction[0m
  [1m[35m (0.1ms)[0m  commit transaction
Redirected to http://localhost:3000/books/1
Completed 302 Found in 4ms (ActiveRecord: 0.3ms)


Started GET "/books/1" for ::1 at 2015-09-02 17:15:38 +1000
Processing by BooksController#show as HTML
  Parameters: {"id"=>"1"}
  [1m[36mBook Load (0.1ms)[0m  [1mSELECT  "books".* FROM "books" WHERE "books"."id" = ? LIMIT 1[0m  [["id", 1]]
  [1m[35mAuthor Load (0.1ms)[0m  SELECT  "authors".* FROM "authors" WHERE "authors"."id" = ? LIMIT 1  [["id", 1]]
  Rendered books/show.html.erb within layouts/application (1.4ms)
Completed 200 OK in 36ms (Views: 34.5ms | ActiveRecord: 0.2ms)


Started GET "/authors/new" for ::1 at 2015-09-02 17:15:42 +1000
Processing by AuthorsController#new as HTML
  Rendered authors/_form.html.erb (1.5ms)
  Rendered authors/new.html.erb within layouts/application (2.9ms)
Completed 200 OK in 36ms (Views: 35.6ms | ActiveRecord: 0.0ms)


Started POST "/authors" for ::1 at 2015-09-02 17:16:20 +1000
Processing by AuthorsController#create as HTML
  Parameters: {"utf8"=>"✓", "authenticity_token"=>"5uOQcTLp35l9zIzycjan90AKNYbOaorKuD0nYItTkSuQHVlQR+Pu4t9+9eP+U0zEIFnP9JBat0InZWIvp+vmYQ==", "author"=>{"name"=>"Darth Vader", "image"=>"http://www.krowmark.com/wp/wp-content/uploads/2015/05/Darth-Vader-darth-vader-18734783-300-355.jpg"}, "commit"=>"Create Author"}
  [1m[36m (0.1ms)[0m  [1mbegin transaction[0m
  [1m[35mSQL (0.4ms)[0m  INSERT INTO "authors" ("name", "image", "created_at", "updated_at") VALUES (?, ?, ?, ?)  [["name", "Darth Vader"], ["image", "http://www.krowmark.com/wp/wp-content/uploads/2015/05/Darth-Vader-darth-vader-18734783-300-355.jpg"], ["created_at", "2015-09-02 07:16:20.809487"], ["updated_at", "2015-09-02 07:16:20.809487"]]
  [1m[36m (0.7ms)[0m  [1mcommit transaction[0m
Redirected to http://localhost:3000/authors/2
Completed 302 Found in 4ms (ActiveRecord: 1.1ms)


Started GET "/authors/2" for ::1 at 2015-09-02 17:16:20 +1000
Processing by AuthorsController#show as HTML
  Parameters: {"id"=>"2"}
  [1m[35mAuthor Load (0.1ms)[0m  SELECT  "authors".* FROM "authors" WHERE "authors"."id" = ? LIMIT 1  [["id", 2]]
  [1m[36mBook Load (0.1ms)[0m  [1mSELECT "books".* FROM "books" WHERE "books"."author_id" = ?[0m  [["author_id", 2]]
  Rendered authors/show.html.erb within layouts/application (1.3ms)
Completed 200 OK in 42ms (Views: 40.4ms | ActiveRecord: 0.2ms)


Started GET "/authors/2/edit" for ::1 at 2015-09-02 17:16:42 +1000
Processing by AuthorsController#edit as HTML
  Parameters: {"id"=>"2"}
  [1m[35mAuthor Load (0.1ms)[0m  SELECT  "authors".* FROM "authors" WHERE "authors"."id" = ? LIMIT 1  [["id", 2]]
  Rendered authors/_form.html.erb (1.2ms)
  Rendered authors/edit.html.erb within layouts/application (2.3ms)
Completed 200 OK in 38ms (Views: 36.7ms | ActiveRecord: 0.1ms)


Started PATCH "/authors/2" for ::1 at 2015-09-02 17:16:45 +1000
Processing by AuthorsController#update as HTML
  Parameters: {"utf8"=>"✓", "authenticity_token"=>"YljI9yUdGy58lAl696AzH+zlIbOsj7gaD2422TfAPEcUpgHWUBcqVd4mcGt7xdgsjLbbwfK/hZKQNnOWG3hLDQ==", "author"=>{"name"=>"Darth Vader", "image"=>"http://www.krowmark.com/wp/wp-content/uploads/2015/05/Darth-Vader-darth-vader-18734783-300-355.jpg"}, "commit"=>"Update Author", "id"=>"2"}
  [1m[36mAuthor Load (0.1ms)[0m  [1mSELECT  "authors".* FROM "authors" WHERE "authors"."id" = ? LIMIT 1[0m  [["id", 2]]
  [1m[35m (0.0ms)[0m  begin transaction
  [1m[36m (0.0ms)[0m  [1mcommit transaction[0m
Redirected to http://localhost:3000/authors/2
Completed 302 Found in 3ms (ActiveRecord: 0.2ms)


Started GET "/authors/2" for ::1 at 2015-09-02 17:16:45 +1000
Processing by AuthorsController#show as HTML
  Parameters: {"id"=>"2"}
  [1m[35mAuthor Load (0.1ms)[0m  SELECT  "authors".* FROM "authors" WHERE "authors"."id" = ? LIMIT 1  [["id", 2]]
  [1m[36mBook Load (0.1ms)[0m  [1mSELECT "books".* FROM "books" WHERE "books"."author_id" = ?[0m  [["author_id", 2]]
  Rendered authors/show.html.erb within layouts/application (1.3ms)
Completed 200 OK in 35ms (Views: 33.7ms | ActiveRecord: 0.2ms)


Started GET "/books/new" for ::1 at 2015-09-02 17:16:49 +1000
Processing by BooksController#new as HTML
  [1m[35mAuthor Load (0.1ms)[0m  SELECT "authors".* FROM "authors"
  Rendered books/_form.html.erb (2.8ms)
  Rendered books/new.html.erb within layouts/application (4.0ms)
Completed 200 OK in 38ms (Views: 37.2ms | ActiveRecord: 0.1ms)


Started POST "/books" for ::1 at 2015-09-02 17:17:58 +1000
Processing by BooksController#create as HTML
  Parameters: {"utf8"=>"✓", "authenticity_token"=>"tkfhxMPF0IEqQEvyJz/Z7Sm95FkMl0YpupTEybWOCjrAuSjlts/h+ojyMuOrWjLeSe4eK1Kne6ElzIGGmTZ9cA==", "book"=>{"title"=>"How to look good in black", "publication_date"=>"13/2/1996", "image"=>"https://sanitariumguild.files.wordpress.com/2010/08/black_book.jpg", "author_id"=>"2"}, "commit"=>"Create Book"}
  [1m[36m (0.1ms)[0m  [1mbegin transaction[0m
  [1m[35mSQL (0.3ms)[0m  INSERT INTO "books" ("title", "publication_date", "image", "author_id", "created_at", "updated_at") VALUES (?, ?, ?, ?, ?, ?)  [["title", "How to look good in black"], ["publication_date", "1996-02-13"], ["image", "https://sanitariumguild.files.wordpress.com/2010/08/black_book.jpg"], ["author_id", 2], ["created_at", "2015-09-02 07:17:58.107189"], ["updated_at", "2015-09-02 07:17:58.107189"]]
  [1m[36m (0.6ms)[0m  [1mcommit transaction[0m
Redirected to http://localhost:3000/books/2
Completed 302 Found in 4ms (ActiveRecord: 0.9ms)


Started GET "/books/2" for ::1 at 2015-09-02 17:17:58 +1000
Processing by BooksController#show as HTML
  Parameters: {"id"=>"2"}
  [1m[35mBook Load (0.1ms)[0m  SELECT  "books".* FROM "books" WHERE "books"."id" = ? LIMIT 1  [["id", 2]]
  [1m[36mAuthor Load (0.1ms)[0m  [1mSELECT  "authors".* FROM "authors" WHERE "authors"."id" = ? LIMIT 1[0m  [["id", 2]]
  Rendered books/show.html.erb within layouts/application (1.4ms)
Completed 200 OK in 35ms (Views: 33.7ms | ActiveRecord: 0.2ms)


Started GET "/authors/2" for ::1 at 2015-09-02 17:18:16 +1000
Processing by AuthorsController#show as HTML
  Parameters: {"id"=>"2"}
  [1m[35mAuthor Load (0.1ms)[0m  SELECT  "authors".* FROM "authors" WHERE "authors"."id" = ? LIMIT 1  [["id", 2]]
  [1m[36mBook Load (0.1ms)[0m  [1mSELECT "books".* FROM "books" WHERE "books"."author_id" = ?[0m  [["author_id", 2]]
  Rendered authors/show.html.erb within layouts/application (1.3ms)
Completed 200 OK in 33ms (Views: 31.8ms | ActiveRecord: 0.2ms)


Started GET "/books" for ::1 at 2015-09-02 17:18:29 +1000
Processing by BooksController#index as HTML
  [1m[35mBook Load (0.2ms)[0m  SELECT "books".* FROM "books"
  Rendered books/index.html.erb within layouts/application (1.5ms)
Completed 200 OK in 37ms (Views: 35.8ms | ActiveRecord: 0.1ms)


Started GET "/" for ::1 at 2015-09-02 17:19:21 +1000

SyntaxError (/Users/guychamberlain/Projects/bookstore/config/routes.rb:2: syntax error, unexpected tSTRING_BEG, expecting keyword_end
 root :to '/books'
           ^):
  config/routes.rb:2: syntax error, unexpected tSTRING_BEG, expecting keyword_end


  Rendered /Users/guychamberlain/.rvm/gems/ruby-2.2.3/gems/actionpack-4.2.4/lib/action_dispatch/middleware/templates/rescues/_source.erb (4.9ms)
  Rendered /Users/guychamberlain/.rvm/gems/ruby-2.2.3/gems/actionpack-4.2.4/lib/action_dispatch/middleware/templates/rescues/_trace.html.erb (1.8ms)
  Rendered /Users/guychamberlain/.rvm/gems/ruby-2.2.3/gems/actionpack-4.2.4/lib/action_dispatch/middleware/templates/rescues/_request_and_response.html.erb (1.3ms)
  Rendered /Users/guychamberlain/.rvm/gems/ruby-2.2.3/gems/actionpack-4.2.4/lib/action_dispatch/middleware/templates/rescues/diagnostics.html.erb within rescues/layout (57.0ms)
  Rendered /Users/guychamberlain/.rvm/gems/ruby-2.2.3/gems/web-console-2.2.1/lib/web_console/templates/_markup.html.erb (0.5ms)
  Rendered /Users/guychamberlain/.rvm/gems/ruby-2.2.3/gems/web-console-2.2.1/lib/web_console/templates/_inner_console_markup.html.erb within layouts/inlined_string (0.5ms)
  Rendered /Users/guychamberlain/.rvm/gems/ruby-2.2.3/gems/web-console-2.2.1/lib/web_console/templates/_prompt_box_markup.html.erb within layouts/inlined_string (0.4ms)
  Rendered /Users/guychamberlain/.rvm/gems/ruby-2.2.3/gems/web-console-2.2.1/lib/web_console/templates/style.css.erb within layouts/inlined_string (0.3ms)
  Rendered /Users/guychamberlain/.rvm/gems/ruby-2.2.3/gems/web-console-2.2.1/lib/web_console/templates/console.js.erb within layouts/javascript (49.0ms)
  Rendered /Users/guychamberlain/.rvm/gems/ruby-2.2.3/gems/web-console-2.2.1/lib/web_console/templates/main.js.erb within layouts/javascript (0.5ms)
  Rendered /Users/guychamberlain/.rvm/gems/ruby-2.2.3/gems/web-console-2.2.1/lib/web_console/templates/error_page.js.erb within layouts/javascript (0.4ms)
  Rendered /Users/guychamberlain/.rvm/gems/ruby-2.2.3/gems/web-console-2.2.1/lib/web_console/templates/index.html.erb (117.1ms)


Started GET "/" for ::1 at 2015-09-02 17:19:37 +1000
DEPRECATION WARNING: Defining a route where `to` is a controller without an action is deprecated. Please change `to: '/books'` to `controller: '/books'`. (called from block in <top (required)> at /Users/guychamberlain/Projects/bookstore/config/routes.rb:2)

ArgumentError ('/books' is not a supported controller name. This can lead to potential routing problems. See http://guides.rubyonrails.org/routing.html#specifying-a-controller-to-use):
  config/routes.rb:2:in `block in <top (required)>'
  config/routes.rb:1:in `<top (required)>'


  Rendered /Users/guychamberlain/.rvm/gems/ruby-2.2.3/gems/actionpack-4.2.4/lib/action_dispatch/middleware/templates/rescues/_source.erb (3.8ms)
  Rendered /Users/guychamberlain/.rvm/gems/ruby-2.2.3/gems/actionpack-4.2.4/lib/action_dispatch/middleware/templates/rescues/_trace.html.erb (1.9ms)
  Rendered /Users/guychamberlain/.rvm/gems/ruby-2.2.3/gems/actionpack-4.2.4/lib/action_dispatch/middleware/templates/rescues/_request_and_response.html.erb (0.9ms)
  Rendered /Users/guychamberlain/.rvm/gems/ruby-2.2.3/gems/actionpack-4.2.4/lib/action_dispatch/middleware/templates/rescues/diagnostics.html.erb within rescues/layout (50.9ms)
  Rendered /Users/guychamberlain/.rvm/gems/ruby-2.2.3/gems/web-console-2.2.1/lib/web_console/templates/_markup.html.erb (0.4ms)
  Rendered /Users/guychamberlain/.rvm/gems/ruby-2.2.3/gems/web-console-2.2.1/lib/web_console/templates/_inner_console_markup.html.erb within layouts/inlined_string (0.2ms)
  Rendered /Users/guychamberlain/.rvm/gems/ruby-2.2.3/gems/web-console-2.2.1/lib/web_console/templates/_prompt_box_markup.html.erb within layouts/inlined_string (0.3ms)
  Rendered /Users/guychamberlain/.rvm/gems/ruby-2.2.3/gems/web-console-2.2.1/lib/web_console/templates/style.css.erb within layouts/inlined_string (0.3ms)
  Rendered /Users/guychamberlain/.rvm/gems/ruby-2.2.3/gems/web-console-2.2.1/lib/web_console/templates/console.js.erb within layouts/javascript (39.6ms)
  Rendered /Users/guychamberlain/.rvm/gems/ruby-2.2.3/gems/web-console-2.2.1/lib/web_console/templates/main.js.erb within layouts/javascript (0.3ms)
  Rendered /Users/guychamberlain/.rvm/gems/ruby-2.2.3/gems/web-console-2.2.1/lib/web_console/templates/error_page.js.erb within layouts/javascript (0.3ms)
  Rendered /Users/guychamberlain/.rvm/gems/ruby-2.2.3/gems/web-console-2.2.1/lib/web_console/templates/index.html.erb (90.5ms)


Started GET "/" for ::1 at 2015-09-02 17:19:59 +1000
Processing by BooksController#index as HTML
  [1m[36mBook Load (0.3ms)[0m  [1mSELECT "books".* FROM "books"[0m
  Rendered books/index.html.erb within layouts/application (5.9ms)
Completed 200 OK in 43ms (Views: 40.3ms | ActiveRecord: 0.6ms)


Started GET "/assets/authors.self-d8bffda54cc798bfd098c2ccecaa0debaf41cea4acbe377c0821d4414a6ed433.css?body=1" for ::1 at 2015-09-02 17:19:59 +1000


Started GET "/assets/application.self-e80e8f2318043e8af94dddc2adad5a4f09739a8ebb323b3ab31cd71d45fd9113.css?body=1" for ::1 at 2015-09-02 17:19:59 +1000


Started GET "/assets/books.self-e3b0c44298fc1c149afbf4c8996fb92427ae41e4649b934ca495991b7852b855.css?body=1" for ::1 at 2015-09-02 17:19:59 +1000


Started GET "/assets/jquery_ujs.self-d456baa54c1fa6be2ec3711f0a72ddf7a5b2f34a6b4f515f33767d6207b7d4b3.js?body=1" for ::1 at 2015-09-02 17:19:59 +1000


Started GET "/assets/jquery.self-a714331225dda820228db323939889f149aec0127aeb06255646b616ba1ca419.js?body=1" for ::1 at 2015-09-02 17:19:59 +1000


Started GET "/assets/turbolinks.self-c37727e9bd6b2735da5c311aa83fead54ed0be6cc8bd9a65309e9c5abe2cbfff.js?body=1" for ::1 at 2015-09-02 17:19:59 +1000


Started GET "/assets/authors.self-877aef30ae1b040ab8a3aba4e3e309a11d7f2612f44dde450b5c157aa5f95c05.js?body=1" for ::1 at 2015-09-02 17:19:59 +1000


Started GET "/assets/books.self-877aef30ae1b040ab8a3aba4e3e309a11d7f2612f44dde450b5c157aa5f95c05.js?body=1" for ::1 at 2015-09-02 17:19:59 +1000


Started GET "/assets/application.self-3b8dabdc891efe46b9a144b400ad69e37d7e5876bdc39dee783419a69d7ca819.js?body=1" for ::1 at 2015-09-02 17:19:59 +1000


Started GET "/books/1" for ::1 at 2015-09-02 17:20:05 +1000
Processing by BooksController#show as HTML
  Parameters: {"id"=>"1"}
  [1m[35mBook Load (0.2ms)[0m  SELECT  "books".* FROM "books" WHERE "books"."id" = ? LIMIT 1  [["id", 1]]
  [1m[36mAuthor Load (0.2ms)[0m  [1mSELECT  "authors".* FROM "authors" WHERE "authors"."id" = ? LIMIT 1[0m  [["id", 1]]
  Rendered books/show.html.erb within layouts/application (9.4ms)
Completed 200 OK in 43ms (Views: 41.1ms | ActiveRecord: 0.7ms)


Started GET "/books/1/edit" for ::1 at 2015-09-02 17:20:09 +1000
Processing by BooksController#edit as HTML
  Parameters: {"id"=>"1"}
  [1m[35mBook Load (0.1ms)[0m  SELECT  "books".* FROM "books" WHERE "books"."id" = ? LIMIT 1  [["id", 1]]
  [1m[36mAuthor Load (0.1ms)[0m  [1mSELECT "authors".* FROM "authors"[0m
  Rendered books/_form.html.erb (2.6ms)
  Rendered books/edit.html.erb within layouts/application (3.9ms)
Completed 200 OK in 39ms (Views: 37.6ms | ActiveRecord: 0.2ms)


Started GET "/authors/new" for ::1 at 2015-09-02 17:20:12 +1000
Processing by AuthorsController#new as HTML
  Rendered authors/_form.html.erb (1.5ms)
  Rendered authors/new.html.erb within layouts/application (2.8ms)
Completed 200 OK in 37ms (Views: 35.7ms | ActiveRecord: 0.0ms)


Started GET "/authors" for ::1 at 2015-09-02 17:20:14 +1000
Processing by AuthorsController#index as HTML
  [1m[35mAuthor Load (0.3ms)[0m  SELECT "authors".* FROM "authors"
  Rendered authors/index.html.erb within layouts/application (2.6ms)
Completed 200 OK in 42ms (Views: 40.6ms | ActiveRecord: 0.3ms)


Started GET "/authors/2" for ::1 at 2015-09-02 17:20:25 +1000
Processing by AuthorsController#show as HTML
  Parameters: {"id"=>"2"}
  [1m[36mAuthor Load (0.1ms)[0m  [1mSELECT  "authors".* FROM "authors" WHERE "authors"."id" = ? LIMIT 1[0m  [["id", 2]]
  [1m[35mBook Load (0.2ms)[0m  SELECT "books".* FROM "books" WHERE "books"."author_id" = ?  [["author_id", 2]]
  Rendered authors/show.html.erb within layouts/application (2.8ms)
Completed 200 OK in 38ms (Views: 35.3ms | ActiveRecord: 0.3ms)


Started GET "/books/2" for ::1 at 2015-09-02 17:20:28 +1000
Processing by BooksController#show as HTML
  Parameters: {"id"=>"2"}
  [1m[36mBook Load (0.1ms)[0m  [1mSELECT  "books".* FROM "books" WHERE "books"."id" = ? LIMIT 1[0m  [["id", 2]]
  [1m[35mAuthor Load (0.1ms)[0m  SELECT  "authors".* FROM "authors" WHERE "authors"."id" = ? LIMIT 1  [["id", 2]]
  Rendered books/show.html.erb within layouts/application (1.3ms)
Completed 200 OK in 37ms (Views: 36.1ms | ActiveRecord: 0.2ms)


Started GET "/authors/2" for ::1 at 2015-09-02 17:20:33 +1000
Processing by AuthorsController#show as HTML
  Parameters: {"id"=>"2"}
  [1m[36mAuthor Load (0.1ms)[0m  [1mSELECT  "authors".* FROM "authors" WHERE "authors"."id" = ? LIMIT 1[0m  [["id", 2]]
  [1m[35mBook Load (0.1ms)[0m  SELECT "books".* FROM "books" WHERE "books"."author_id" = ?  [["author_id", 2]]
  Rendered authors/show.html.erb within layouts/application (1.7ms)
Completed 200 OK in 34ms (Views: 33.1ms | ActiveRecord: 0.2ms)


Started GET "/books/2" for ::1 at 2015-09-02 17:20:35 +1000
Processing by BooksController#show as HTML
  Parameters: {"id"=>"2"}
  [1m[36mBook Load (0.1ms)[0m  [1mSELECT  "books".* FROM "books" WHERE "books"."id" = ? LIMIT 1[0m  [["id", 2]]
  [1m[35mAuthor Load (0.1ms)[0m  SELECT  "authors".* FROM "authors" WHERE "authors"."id" = ? LIMIT 1  [["id", 2]]
  Rendered books/show.html.erb within layouts/application (1.2ms)
Completed 200 OK in 39ms (Views: 37.7ms | ActiveRecord: 0.2ms)


Started GET "/authors/new" for ::1 at 2015-09-02 17:20:45 +1000
Processing by AuthorsController#new as HTML
  Rendered authors/_form.html.erb (1.7ms)
  Rendered authors/new.html.erb within layouts/application (3.1ms)
Completed 200 OK in 41ms (Views: 40.0ms | ActiveRecord: 0.0ms)


Started GET "/authors/new" for ::1 at 2015-09-02 21:20:11 +1000
Processing by AuthorsController#new as HTML
  Rendered authors/_form.html.erb (16.6ms)
  Rendered authors/new.html.erb within layouts/application (28.3ms)
Completed 200 OK in 203ms (Views: 192.9ms | ActiveRecord: 0.0ms)


Started GET "/assets/authors.self-d8bffda54cc798bfd098c2ccecaa0debaf41cea4acbe377c0821d4414a6ed433.css?body=1" for ::1 at 2015-09-02 21:20:11 +1000


Started GET "/assets/application.self-e80e8f2318043e8af94dddc2adad5a4f09739a8ebb323b3ab31cd71d45fd9113.css?body=1" for ::1 at 2015-09-02 21:20:11 +1000


Started GET "/assets/jquery.self-a714331225dda820228db323939889f149aec0127aeb06255646b616ba1ca419.js?body=1" for ::1 at 2015-09-02 21:20:11 +1000


Started GET "/assets/books.self-e3b0c44298fc1c149afbf4c8996fb92427ae41e4649b934ca495991b7852b855.css?body=1" for ::1 at 2015-09-02 21:20:11 +1000


Started GET "/assets/jquery_ujs.self-d456baa54c1fa6be2ec3711f0a72ddf7a5b2f34a6b4f515f33767d6207b7d4b3.js?body=1" for ::1 at 2015-09-02 21:20:11 +1000


Started GET "/assets/turbolinks.self-c37727e9bd6b2735da5c311aa83fead54ed0be6cc8bd9a65309e9c5abe2cbfff.js?body=1" for ::1 at 2015-09-02 21:20:11 +1000


Started GET "/assets/authors.self-877aef30ae1b040ab8a3aba4e3e309a11d7f2612f44dde450b5c157aa5f95c05.js?body=1" for ::1 at 2015-09-02 21:20:11 +1000


Started GET "/assets/books.self-877aef30ae1b040ab8a3aba4e3e309a11d7f2612f44dde450b5c157aa5f95c05.js?body=1" for ::1 at 2015-09-02 21:20:11 +1000


Started GET "/assets/application.self-3b8dabdc891efe46b9a144b400ad69e37d7e5876bdc39dee783419a69d7ca819.js?body=1" for ::1 at 2015-09-02 21:20:11 +1000


Started GET "/authors/new" for ::1 at 2015-09-02 21:23:11 +1000
Processing by AuthorsController#new as HTML
  Rendered authors/_form.html.erb (1.3ms)
  Rendered authors/new.html.erb within layouts/application (2.2ms)
Completed 200 OK in 73ms (Views: 72.2ms | ActiveRecord: 0.0ms)


Started GET "/assets/authors.self-ffec4fd6bbf710249106f597133f1480d123a1843206636b9997d1c1538b5635.css?body=1" for ::1 at 2015-09-02 21:23:11 +1000


Started GET "/assets/turbolinks.self-c37727e9bd6b2735da5c311aa83fead54ed0be6cc8bd9a65309e9c5abe2cbfff.js?body=1" for ::1 at 2015-09-02 21:23:11 +1000


Started GET "/assets/application.self-e80e8f2318043e8af94dddc2adad5a4f09739a8ebb323b3ab31cd71d45fd9113.css?body=1" for ::1 at 2015-09-02 21:23:11 +1000


Started GET "/assets/books.self-e3b0c44298fc1c149afbf4c8996fb92427ae41e4649b934ca495991b7852b855.css?body=1" for ::1 at 2015-09-02 21:23:11 +1000


Started GET "/assets/jquery_ujs.self-d456baa54c1fa6be2ec3711f0a72ddf7a5b2f34a6b4f515f33767d6207b7d4b3.js?body=1" for ::1 at 2015-09-02 21:23:11 +1000


Started GET "/assets/jquery.self-a714331225dda820228db323939889f149aec0127aeb06255646b616ba1ca419.js?body=1" for ::1 at 2015-09-02 21:23:11 +1000


Started GET "/assets/authors.self-877aef30ae1b040ab8a3aba4e3e309a11d7f2612f44dde450b5c157aa5f95c05.js?body=1" for ::1 at 2015-09-02 21:23:11 +1000


Started GET "/assets/books.self-877aef30ae1b040ab8a3aba4e3e309a11d7f2612f44dde450b5c157aa5f95c05.js?body=1" for ::1 at 2015-09-02 21:23:11 +1000


Started GET "/assets/application.self-3b8dabdc891efe46b9a144b400ad69e37d7e5876bdc39dee783419a69d7ca819.js?body=1" for ::1 at 2015-09-02 21:23:11 +1000


Started GET "/authors/new" for ::1 at 2015-09-02 21:27:22 +1000
Processing by AuthorsController#new as HTML
  Rendered authors/_form.html.erb (1.7ms)
  Rendered authors/new.html.erb within layouts/application (2.5ms)
Completed 200 OK in 75ms (Views: 74.3ms | ActiveRecord: 0.0ms)


Started GET "/assets/authors.self-94847bd6fb34faf95223873407923ee7a00b95a399643d7f2a4b2edf4dab38a7.css?body=1" for ::1 at 2015-09-02 21:27:22 +1000


Started GET "/assets/application.self-e80e8f2318043e8af94dddc2adad5a4f09739a8ebb323b3ab31cd71d45fd9113.css?body=1" for ::1 at 2015-09-02 21:27:22 +1000


Started GET "/assets/jquery_ujs.self-d456baa54c1fa6be2ec3711f0a72ddf7a5b2f34a6b4f515f33767d6207b7d4b3.js?body=1" for ::1 at 2015-09-02 21:27:22 +1000


Started GET "/assets/books.self-e3b0c44298fc1c149afbf4c8996fb92427ae41e4649b934ca495991b7852b855.css?body=1" for ::1 at 2015-09-02 21:27:22 +1000


Started GET "/assets/jquery.self-a714331225dda820228db323939889f149aec0127aeb06255646b616ba1ca419.js?body=1" for ::1 at 2015-09-02 21:27:22 +1000


Started GET "/assets/turbolinks.self-c37727e9bd6b2735da5c311aa83fead54ed0be6cc8bd9a65309e9c5abe2cbfff.js?body=1" for ::1 at 2015-09-02 21:27:22 +1000


Started GET "/assets/authors.self-877aef30ae1b040ab8a3aba4e3e309a11d7f2612f44dde450b5c157aa5f95c05.js?body=1" for ::1 at 2015-09-02 21:27:22 +1000


Started GET "/assets/books.self-877aef30ae1b040ab8a3aba4e3e309a11d7f2612f44dde450b5c157aa5f95c05.js?body=1" for ::1 at 2015-09-02 21:27:22 +1000


Started GET "/assets/application.self-3b8dabdc891efe46b9a144b400ad69e37d7e5876bdc39dee783419a69d7ca819.js?body=1" for ::1 at 2015-09-02 21:27:22 +1000


Started GET "/authors/new" for ::1 at 2015-09-02 21:27:27 +1000
Processing by AuthorsController#new as HTML
  Rendered authors/_form.html.erb (1.4ms)
  Rendered authors/new.html.erb within layouts/application (2.3ms)
Completed 200 OK in 32ms (Views: 31.7ms | ActiveRecord: 0.0ms)


Started GET "/assets/books.self-e3b0c44298fc1c149afbf4c8996fb92427ae41e4649b934ca495991b7852b855.css?body=1" for ::1 at 2015-09-02 21:27:27 +1000


Started GET "/assets/authors.self-94847bd6fb34faf95223873407923ee7a00b95a399643d7f2a4b2edf4dab38a7.css?body=1" for ::1 at 2015-09-02 21:27:27 +1000


Started GET "/assets/turbolinks.self-c37727e9bd6b2735da5c311aa83fead54ed0be6cc8bd9a65309e9c5abe2cbfff.js?body=1" for ::1 at 2015-09-02 21:27:27 +1000


Started GET "/assets/jquery.self-a714331225dda820228db323939889f149aec0127aeb06255646b616ba1ca419.js?body=1" for ::1 at 2015-09-02 21:27:27 +1000


Started GET "/assets/application.self-e80e8f2318043e8af94dddc2adad5a4f09739a8ebb323b3ab31cd71d45fd9113.css?body=1" for ::1 at 2015-09-02 21:27:27 +1000


Started GET "/assets/jquery_ujs.self-d456baa54c1fa6be2ec3711f0a72ddf7a5b2f34a6b4f515f33767d6207b7d4b3.js?body=1" for ::1 at 2015-09-02 21:27:27 +1000


Started GET "/assets/authors.self-877aef30ae1b040ab8a3aba4e3e309a11d7f2612f44dde450b5c157aa5f95c05.js?body=1" for ::1 at 2015-09-02 21:27:27 +1000


Started GET "/assets/books.self-877aef30ae1b040ab8a3aba4e3e309a11d7f2612f44dde450b5c157aa5f95c05.js?body=1" for ::1 at 2015-09-02 21:27:27 +1000


Started GET "/assets/application.self-3b8dabdc891efe46b9a144b400ad69e37d7e5876bdc39dee783419a69d7ca819.js?body=1" for ::1 at 2015-09-02 21:27:27 +1000


Started GET "/authors/new" for ::1 at 2015-09-02 21:28:29 +1000
Processing by AuthorsController#new as HTML
  Rendered authors/_form.html.erb (1.4ms)
  Rendered authors/new.html.erb within layouts/application (2.2ms)
Completed 200 OK in 61ms (Views: 60.1ms | ActiveRecord: 0.0ms)


Started GET "/assets/authors.self-a3561e225011525d83a2985d0c77ad7c9405774dfa8c8a014777e509dd23c98f.css?body=1" for ::1 at 2015-09-02 21:28:29 +1000


Started GET "/assets/jquery_ujs.self-d456baa54c1fa6be2ec3711f0a72ddf7a5b2f34a6b4f515f33767d6207b7d4b3.js?body=1" for ::1 at 2015-09-02 21:28:29 +1000


Started GET "/assets/application.self-e80e8f2318043e8af94dddc2adad5a4f09739a8ebb323b3ab31cd71d45fd9113.css?body=1" for ::1 at 2015-09-02 21:28:29 +1000


Started GET "/assets/books.self-e3b0c44298fc1c149afbf4c8996fb92427ae41e4649b934ca495991b7852b855.css?body=1" for ::1 at 2015-09-02 21:28:29 +1000


Started GET "/assets/jquery.self-a714331225dda820228db323939889f149aec0127aeb06255646b616ba1ca419.js?body=1" for ::1 at 2015-09-02 21:28:29 +1000


Started GET "/assets/turbolinks.self-c37727e9bd6b2735da5c311aa83fead54ed0be6cc8bd9a65309e9c5abe2cbfff.js?body=1" for ::1 at 2015-09-02 21:28:29 +1000


Started GET "/assets/authors.self-877aef30ae1b040ab8a3aba4e3e309a11d7f2612f44dde450b5c157aa5f95c05.js?body=1" for ::1 at 2015-09-02 21:28:29 +1000


Started GET "/assets/books.self-877aef30ae1b040ab8a3aba4e3e309a11d7f2612f44dde450b5c157aa5f95c05.js?body=1" for ::1 at 2015-09-02 21:28:29 +1000


Started GET "/assets/application.self-3b8dabdc891efe46b9a144b400ad69e37d7e5876bdc39dee783419a69d7ca819.js?body=1" for ::1 at 2015-09-02 21:28:29 +1000


Started GET "/authors/new" for ::1 at 2015-09-02 21:29:24 +1000
Processing by AuthorsController#new as HTML
  Rendered authors/_form.html.erb (1.6ms)
  Rendered authors/new.html.erb within layouts/application (2.7ms)
Completed 200 OK in 66ms (Views: 64.8ms | ActiveRecord: 0.0ms)


Started GET "/assets/authors.self-5511763497c4da32218381b8b181817f9113b66d93f718edf86dbc0b2ff5e6ec.css?body=1" for ::1 at 2015-09-02 21:29:24 +1000


Started GET "/assets/jquery_ujs.self-d456baa54c1fa6be2ec3711f0a72ddf7a5b2f34a6b4f515f33767d6207b7d4b3.js?body=1" for ::1 at 2015-09-02 21:29:24 +1000


Started GET "/assets/application.self-e80e8f2318043e8af94dddc2adad5a4f09739a8ebb323b3ab31cd71d45fd9113.css?body=1" for ::1 at 2015-09-02 21:29:24 +1000


Started GET "/assets/turbolinks.self-c37727e9bd6b2735da5c311aa83fead54ed0be6cc8bd9a65309e9c5abe2cbfff.js?body=1" for ::1 at 2015-09-02 21:29:24 +1000


Started GET "/assets/jquery.self-a714331225dda820228db323939889f149aec0127aeb06255646b616ba1ca419.js?body=1" for ::1 at 2015-09-02 21:29:24 +1000


Started GET "/assets/books.self-e3b0c44298fc1c149afbf4c8996fb92427ae41e4649b934ca495991b7852b855.css?body=1" for ::1 at 2015-09-02 21:29:24 +1000


Started GET "/assets/authors.self-877aef30ae1b040ab8a3aba4e3e309a11d7f2612f44dde450b5c157aa5f95c05.js?body=1" for ::1 at 2015-09-02 21:29:24 +1000


Started GET "/assets/books.self-877aef30ae1b040ab8a3aba4e3e309a11d7f2612f44dde450b5c157aa5f95c05.js?body=1" for ::1 at 2015-09-02 21:29:24 +1000


Started GET "/assets/application.self-3b8dabdc891efe46b9a144b400ad69e37d7e5876bdc39dee783419a69d7ca819.js?body=1" for ::1 at 2015-09-02 21:29:24 +1000


Started GET "/authors/new" for ::1 at 2015-09-02 21:29:51 +1000
Processing by AuthorsController#new as HTML
  Rendered authors/_form.html.erb (1.2ms)
  Rendered authors/new.html.erb within layouts/application (2.1ms)
Completed 200 OK in 60ms (Views: 59.2ms | ActiveRecord: 0.0ms)


Started GET "/assets/authors.self-a2a9ff487dfb171e32bf18ded65d73fb6badcb92c693dcf44414864d8c0874b8.css?body=1" for ::1 at 2015-09-02 21:29:51 +1000


Started GET "/assets/books.self-e3b0c44298fc1c149afbf4c8996fb92427ae41e4649b934ca495991b7852b855.css?body=1" for ::1 at 2015-09-02 21:29:51 +1000


Started GET "/assets/turbolinks.self-c37727e9bd6b2735da5c311aa83fead54ed0be6cc8bd9a65309e9c5abe2cbfff.js?body=1" for ::1 at 2015-09-02 21:29:51 +1000


Started GET "/assets/application.self-e80e8f2318043e8af94dddc2adad5a4f09739a8ebb323b3ab31cd71d45fd9113.css?body=1" for ::1 at 2015-09-02 21:29:51 +1000


Started GET "/assets/jquery.self-a714331225dda820228db323939889f149aec0127aeb06255646b616ba1ca419.js?body=1" for ::1 at 2015-09-02 21:29:51 +1000


Started GET "/assets/jquery_ujs.self-d456baa54c1fa6be2ec3711f0a72ddf7a5b2f34a6b4f515f33767d6207b7d4b3.js?body=1" for ::1 at 2015-09-02 21:29:51 +1000


Started GET "/assets/authors.self-877aef30ae1b040ab8a3aba4e3e309a11d7f2612f44dde450b5c157aa5f95c05.js?body=1" for ::1 at 2015-09-02 21:29:51 +1000


Started GET "/assets/books.self-877aef30ae1b040ab8a3aba4e3e309a11d7f2612f44dde450b5c157aa5f95c05.js?body=1" for ::1 at 2015-09-02 21:29:51 +1000


Started GET "/assets/application.self-3b8dabdc891efe46b9a144b400ad69e37d7e5876bdc39dee783419a69d7ca819.js?body=1" for ::1 at 2015-09-02 21:29:51 +1000


Started GET "/authors/new" for ::1 at 2015-09-02 21:29:59 +1000
Processing by AuthorsController#new as HTML
  Rendered authors/_form.html.erb (1.7ms)
  Rendered authors/new.html.erb within layouts/application (2.8ms)
Completed 200 OK in 61ms (Views: 60.4ms | ActiveRecord: 0.0ms)


Started GET "/assets/authors.self-1a703ead02f6db6bb486d1e838188ac33ace952c9a8031ef4104a3333a4c3c5c.css?body=1" for ::1 at 2015-09-02 21:29:59 +1000


Started GET "/assets/books.self-e3b0c44298fc1c149afbf4c8996fb92427ae41e4649b934ca495991b7852b855.css?body=1" for ::1 at 2015-09-02 21:29:59 +1000


Started GET "/assets/jquery.self-a714331225dda820228db323939889f149aec0127aeb06255646b616ba1ca419.js?body=1" for ::1 at 2015-09-02 21:29:59 +1000


Started GET "/assets/turbolinks.self-c37727e9bd6b2735da5c311aa83fead54ed0be6cc8bd9a65309e9c5abe2cbfff.js?body=1" for ::1 at 2015-09-02 21:29:59 +1000


Started GET "/assets/jquery_ujs.self-d456baa54c1fa6be2ec3711f0a72ddf7a5b2f34a6b4f515f33767d6207b7d4b3.js?body=1" for ::1 at 2015-09-02 21:29:59 +1000


Started GET "/assets/application.self-e80e8f2318043e8af94dddc2adad5a4f09739a8ebb323b3ab31cd71d45fd9113.css?body=1" for ::1 at 2015-09-02 21:29:59 +1000


Started GET "/assets/authors.self-877aef30ae1b040ab8a3aba4e3e309a11d7f2612f44dde450b5c157aa5f95c05.js?body=1" for ::1 at 2015-09-02 21:29:59 +1000


Started GET "/assets/books.self-877aef30ae1b040ab8a3aba4e3e309a11d7f2612f44dde450b5c157aa5f95c05.js?body=1" for ::1 at 2015-09-02 21:29:59 +1000


Started GET "/assets/application.self-3b8dabdc891efe46b9a144b400ad69e37d7e5876bdc39dee783419a69d7ca819.js?body=1" for ::1 at 2015-09-02 21:29:59 +1000


Started GET "/authors/new" for ::1 at 2015-09-02 21:30:56 +1000
Processing by AuthorsController#new as HTML
  Rendered authors/_form.html.erb (1.1ms)
  Rendered authors/new.html.erb within layouts/application (2.0ms)
Completed 200 OK in 54ms (Views: 53.0ms | ActiveRecord: 0.0ms)


Started GET "/assets/authors.self-a2adadde4943c9995cff2bc9f346645caa75cebee2c6982fd29e6b68eac8d3a8.css?body=1" for ::1 at 2015-09-02 21:30:56 +1000


Started GET "/assets/application.self-e80e8f2318043e8af94dddc2adad5a4f09739a8ebb323b3ab31cd71d45fd9113.css?body=1" for ::1 at 2015-09-02 21:30:56 +1000


Started GET "/assets/books.self-e3b0c44298fc1c149afbf4c8996fb92427ae41e4649b934ca495991b7852b855.css?body=1" for ::1 at 2015-09-02 21:30:56 +1000


Started GET "/assets/jquery_ujs.self-d456baa54c1fa6be2ec3711f0a72ddf7a5b2f34a6b4f515f33767d6207b7d4b3.js?body=1" for ::1 at 2015-09-02 21:30:56 +1000


Started GET "/assets/jquery.self-a714331225dda820228db323939889f149aec0127aeb06255646b616ba1ca419.js?body=1" for ::1 at 2015-09-02 21:30:56 +1000


Started GET "/assets/turbolinks.self-c37727e9bd6b2735da5c311aa83fead54ed0be6cc8bd9a65309e9c5abe2cbfff.js?body=1" for ::1 at 2015-09-02 21:30:56 +1000


Started GET "/assets/authors.self-877aef30ae1b040ab8a3aba4e3e309a11d7f2612f44dde450b5c157aa5f95c05.js?body=1" for ::1 at 2015-09-02 21:30:56 +1000


Started GET "/assets/books.self-877aef30ae1b040ab8a3aba4e3e309a11d7f2612f44dde450b5c157aa5f95c05.js?body=1" for ::1 at 2015-09-02 21:30:56 +1000


Started GET "/assets/application.self-3b8dabdc891efe46b9a144b400ad69e37d7e5876bdc39dee783419a69d7ca819.js?body=1" for ::1 at 2015-09-02 21:30:56 +1000


Started GET "/authors/new" for ::1 at 2015-09-02 21:31:30 +1000
Processing by AuthorsController#new as HTML
  Rendered authors/_form.html.erb (1.5ms)
  Rendered authors/new.html.erb within layouts/application (2.5ms)
Completed 200 OK in 63ms (Views: 62.8ms | ActiveRecord: 0.0ms)


Started GET "/assets/authors.self-375b6abb5e8b5bd25f7532dce0185ba704fe14041936beb18eb0bb9141861108.css?body=1" for ::1 at 2015-09-02 21:31:30 +1000


Started GET "/assets/jquery_ujs.self-d456baa54c1fa6be2ec3711f0a72ddf7a5b2f34a6b4f515f33767d6207b7d4b3.js?body=1" for ::1 at 2015-09-02 21:31:30 +1000


Started GET "/assets/application.self-e80e8f2318043e8af94dddc2adad5a4f09739a8ebb323b3ab31cd71d45fd9113.css?body=1" for ::1 at 2015-09-02 21:31:30 +1000


Started GET "/assets/books.self-e3b0c44298fc1c149afbf4c8996fb92427ae41e4649b934ca495991b7852b855.css?body=1" for ::1 at 2015-09-02 21:31:30 +1000


Started GET "/assets/jquery.self-a714331225dda820228db323939889f149aec0127aeb06255646b616ba1ca419.js?body=1" for ::1 at 2015-09-02 21:31:30 +1000


Started GET "/assets/turbolinks.self-c37727e9bd6b2735da5c311aa83fead54ed0be6cc8bd9a65309e9c5abe2cbfff.js?body=1" for ::1 at 2015-09-02 21:31:30 +1000


Started GET "/assets/authors.self-877aef30ae1b040ab8a3aba4e3e309a11d7f2612f44dde450b5c157aa5f95c05.js?body=1" for ::1 at 2015-09-02 21:31:30 +1000


Started GET "/assets/books.self-877aef30ae1b040ab8a3aba4e3e309a11d7f2612f44dde450b5c157aa5f95c05.js?body=1" for ::1 at 2015-09-02 21:31:30 +1000


Started GET "/assets/application.self-3b8dabdc891efe46b9a144b400ad69e37d7e5876bdc39dee783419a69d7ca819.js?body=1" for ::1 at 2015-09-02 21:31:30 +1000


Started GET "/authors/new" for ::1 at 2015-09-02 21:31:31 +1000
Processing by AuthorsController#new as HTML
  Rendered authors/_form.html.erb (1.1ms)
  Rendered authors/new.html.erb within layouts/application (1.9ms)
Completed 200 OK in 29ms (Views: 28.1ms | ActiveRecord: 0.0ms)


Started GET "/assets/authors.self-375b6abb5e8b5bd25f7532dce0185ba704fe14041936beb18eb0bb9141861108.css?body=1" for ::1 at 2015-09-02 21:31:31 +1000


Started GET "/assets/application.self-e80e8f2318043e8af94dddc2adad5a4f09739a8ebb323b3ab31cd71d45fd9113.css?body=1" for ::1 at 2015-09-02 21:31:31 +1000


Started GET "/assets/turbolinks.self-c37727e9bd6b2735da5c311aa83fead54ed0be6cc8bd9a65309e9c5abe2cbfff.js?body=1" for ::1 at 2015-09-02 21:31:31 +1000


Started GET "/assets/jquery.self-a714331225dda820228db323939889f149aec0127aeb06255646b616ba1ca419.js?body=1" for ::1 at 2015-09-02 21:31:31 +1000


Started GET "/assets/books.self-e3b0c44298fc1c149afbf4c8996fb92427ae41e4649b934ca495991b7852b855.css?body=1" for ::1 at 2015-09-02 21:31:31 +1000


Started GET "/assets/jquery_ujs.self-d456baa54c1fa6be2ec3711f0a72ddf7a5b2f34a6b4f515f33767d6207b7d4b3.js?body=1" for ::1 at 2015-09-02 21:31:31 +1000


Started GET "/assets/authors.self-877aef30ae1b040ab8a3aba4e3e309a11d7f2612f44dde450b5c157aa5f95c05.js?body=1" for ::1 at 2015-09-02 21:31:31 +1000


Started GET "/assets/books.self-877aef30ae1b040ab8a3aba4e3e309a11d7f2612f44dde450b5c157aa5f95c05.js?body=1" for ::1 at 2015-09-02 21:31:31 +1000


Started GET "/assets/application.self-3b8dabdc891efe46b9a144b400ad69e37d7e5876bdc39dee783419a69d7ca819.js?body=1" for ::1 at 2015-09-02 21:31:31 +1000


Started GET "/authors/new" for ::1 at 2015-09-02 21:31:32 +1000
Processing by AuthorsController#new as HTML
  Rendered authors/_form.html.erb (1.3ms)
  Rendered authors/new.html.erb within layouts/application (2.5ms)
Completed 200 OK in 34ms (Views: 33.5ms | ActiveRecord: 0.0ms)


Started GET "/assets/authors.self-375b6abb5e8b5bd25f7532dce0185ba704fe14041936beb18eb0bb9141861108.css?body=1" for ::1 at 2015-09-02 21:31:32 +1000


Started GET "/assets/books.self-e3b0c44298fc1c149afbf4c8996fb92427ae41e4649b934ca495991b7852b855.css?body=1" for ::1 at 2015-09-02 21:31:32 +1000


Started GET "/assets/jquery_ujs.self-d456baa54c1fa6be2ec3711f0a72ddf7a5b2f34a6b4f515f33767d6207b7d4b3.js?body=1" for ::1 at 2015-09-02 21:31:32 +1000


Started GET "/assets/turbolinks.self-c37727e9bd6b2735da5c311aa83fead54ed0be6cc8bd9a65309e9c5abe2cbfff.js?body=1" for ::1 at 2015-09-02 21:31:32 +1000


Started GET "/assets/application.self-e80e8f2318043e8af94dddc2adad5a4f09739a8ebb323b3ab31cd71d45fd9113.css?body=1" for ::1 at 2015-09-02 21:31:32 +1000


Started GET "/assets/jquery.self-a714331225dda820228db323939889f149aec0127aeb06255646b616ba1ca419.js?body=1" for ::1 at 2015-09-02 21:31:32 +1000


Started GET "/assets/authors.self-877aef30ae1b040ab8a3aba4e3e309a11d7f2612f44dde450b5c157aa5f95c05.js?body=1" for ::1 at 2015-09-02 21:31:32 +1000


Started GET "/assets/books.self-877aef30ae1b040ab8a3aba4e3e309a11d7f2612f44dde450b5c157aa5f95c05.js?body=1" for ::1 at 2015-09-02 21:31:32 +1000


Started GET "/assets/application.self-3b8dabdc891efe46b9a144b400ad69e37d7e5876bdc39dee783419a69d7ca819.js?body=1" for ::1 at 2015-09-02 21:31:32 +1000


Started GET "/authors/new" for ::1 at 2015-09-02 21:33:04 +1000
Processing by AuthorsController#new as HTML
  Rendered authors/_form.html.erb (1.5ms)
  Rendered authors/new.html.erb within layouts/application (2.6ms)
Completed 500 Internal Server Error in 21ms (ActiveRecord: 0.0ms)

ActionView::Template::Error (Invalid CSS after "	background-size": expected ";", was ": cover;"):
    2: <html>
    3: <head>
    4:   <title>Bookstore</title>
    5:   <%= stylesheet_link_tag    'application', media: 'all', 'data-turbolinks-track' => true %>
    6:   <%= javascript_include_tag 'application', 'data-turbolinks-track' => true %>
    7:   <%= csrf_meta_tags %>
    8: </head>
  app/assets/stylesheets/authors.scss:5
  app/views/layouts/application.html.erb:5:in `_app_views_layouts_application_html_erb___31531943481433611_70255210452240'


  Rendered /Users/guychamberlain/.rvm/gems/ruby-2.2.3/gems/actionpack-4.2.4/lib/action_dispatch/middleware/templates/rescues/_source.erb (12.9ms)
  Rendered /Users/guychamberlain/.rvm/gems/ruby-2.2.3/gems/actionpack-4.2.4/lib/action_dispatch/middleware/templates/rescues/_trace.html.erb (4.3ms)
  Rendered /Users/guychamberlain/.rvm/gems/ruby-2.2.3/gems/actionpack-4.2.4/lib/action_dispatch/middleware/templates/rescues/_request_and_response.html.erb (1.6ms)
  Rendered /Users/guychamberlain/.rvm/gems/ruby-2.2.3/gems/actionpack-4.2.4/lib/action_dispatch/middleware/templates/rescues/template_error.html.erb within rescues/layout (74.6ms)
  Rendered /Users/guychamberlain/.rvm/gems/ruby-2.2.3/gems/web-console-2.2.1/lib/web_console/templates/_markup.html.erb (0.4ms)
  Rendered /Users/guychamberlain/.rvm/gems/ruby-2.2.3/gems/web-console-2.2.1/lib/web_console/templates/_inner_console_markup.html.erb within layouts/inlined_string (0.6ms)
  Rendered /Users/guychamberlain/.rvm/gems/ruby-2.2.3/gems/web-console-2.2.1/lib/web_console/templates/_prompt_box_markup.html.erb within layouts/inlined_string (0.3ms)
  Rendered /Users/guychamberlain/.rvm/gems/ruby-2.2.3/gems/web-console-2.2.1/lib/web_console/templates/style.css.erb within layouts/inlined_string (0.5ms)
  Rendered /Users/guychamberlain/.rvm/gems/ruby-2.2.3/gems/web-console-2.2.1/lib/web_console/templates/console.js.erb within layouts/javascript (56.8ms)
  Rendered /Users/guychamberlain/.rvm/gems/ruby-2.2.3/gems/web-console-2.2.1/lib/web_console/templates/main.js.erb within layouts/javascript (0.3ms)
  Rendered /Users/guychamberlain/.rvm/gems/ruby-2.2.3/gems/web-console-2.2.1/lib/web_console/templates/error_page.js.erb within layouts/javascript (0.4ms)
  Rendered /Users/guychamberlain/.rvm/gems/ruby-2.2.3/gems/web-console-2.2.1/lib/web_console/templates/index.html.erb (107.0ms)


Started GET "/authors/new" for ::1 at 2015-09-02 21:35:41 +1000
Processing by AuthorsController#new as HTML
  Rendered authors/_form.html.erb (1.2ms)
  Rendered authors/new.html.erb within layouts/application (2.0ms)
Completed 500 Internal Server Error in 18ms (ActiveRecord: 0.0ms)

ActionView::Template::Error (Invalid CSS after "	background-size": expected ";", was ": 100%;"):
    2: <html>
    3: <head>
    4:   <title>Bookstore</title>
    5:   <%= stylesheet_link_tag    'application', media: 'all', 'data-turbolinks-track' => true %>
    6:   <%= javascript_include_tag 'application', 'data-turbolinks-track' => true %>
    7:   <%= csrf_meta_tags %>
    8: </head>
  app/assets/stylesheets/authors.scss:5
  app/views/layouts/application.html.erb:5:in `_app_views_layouts_application_html_erb___31531943481433611_70255210452240'


  Rendered /Users/guychamberlain/.rvm/gems/ruby-2.2.3/gems/actionpack-4.2.4/lib/action_dispatch/middleware/templates/rescues/_source.erb (9.3ms)
  Rendered /Users/guychamberlain/.rvm/gems/ruby-2.2.3/gems/actionpack-4.2.4/lib/action_dispatch/middleware/templates/rescues/_trace.html.erb (3.8ms)
  Rendered /Users/guychamberlain/.rvm/gems/ruby-2.2.3/gems/actionpack-4.2.4/lib/action_dispatch/middleware/templates/rescues/_request_and_response.html.erb (2.0ms)
  Rendered /Users/guychamberlain/.rvm/gems/ruby-2.2.3/gems/actionpack-4.2.4/lib/action_dispatch/middleware/templates/rescues/template_error.html.erb within rescues/layout (62.8ms)
  Rendered /Users/guychamberlain/.rvm/gems/ruby-2.2.3/gems/web-console-2.2.1/lib/web_console/templates/_markup.html.erb (0.3ms)
  Rendered /Users/guychamberlain/.rvm/gems/ruby-2.2.3/gems/web-console-2.2.1/lib/web_console/templates/_inner_console_markup.html.erb within layouts/inlined_string (0.3ms)
  Rendered /Users/guychamberlain/.rvm/gems/ruby-2.2.3/gems/web-console-2.2.1/lib/web_console/templates/_prompt_box_markup.html.erb within layouts/inlined_string (0.4ms)
  Rendered /Users/guychamberlain/.rvm/gems/ruby-2.2.3/gems/web-console-2.2.1/lib/web_console/templates/style.css.erb within layouts/inlined_string (0.5ms)
  Rendered /Users/guychamberlain/.rvm/gems/ruby-2.2.3/gems/web-console-2.2.1/lib/web_console/templates/console.js.erb within layouts/javascript (49.7ms)
  Rendered /Users/guychamberlain/.rvm/gems/ruby-2.2.3/gems/web-console-2.2.1/lib/web_console/templates/main.js.erb within layouts/javascript (0.3ms)
  Rendered /Users/guychamberlain/.rvm/gems/ruby-2.2.3/gems/web-console-2.2.1/lib/web_console/templates/error_page.js.erb within layouts/javascript (0.3ms)
  Rendered /Users/guychamberlain/.rvm/gems/ruby-2.2.3/gems/web-console-2.2.1/lib/web_console/templates/index.html.erb (103.2ms)


Started GET "/authors/new" for ::1 at 2015-09-02 21:35:43 +1000
Processing by AuthorsController#new as HTML
  Rendered authors/_form.html.erb (1.1ms)
  Rendered authors/new.html.erb within layouts/application (2.0ms)
Completed 500 Internal Server Error in 10ms (ActiveRecord: 0.0ms)

ActionView::Template::Error (Invalid CSS after "	background-size": expected ";", was ": 100%;"):
    2: <html>
    3: <head>
    4:   <title>Bookstore</title>
    5:   <%= stylesheet_link_tag    'application', media: 'all', 'data-turbolinks-track' => true %>
    6:   <%= javascript_include_tag 'application', 'data-turbolinks-track' => true %>
    7:   <%= csrf_meta_tags %>
    8: </head>
  app/assets/stylesheets/authors.scss:5
  app/views/layouts/application.html.erb:5:in `_app_views_layouts_application_html_erb___31531943481433611_70255210452240'


  Rendered /Users/guychamberlain/.rvm/gems/ruby-2.2.3/gems/actionpack-4.2.4/lib/action_dispatch/middleware/templates/rescues/_source.erb (7.2ms)
  Rendered /Users/guychamberlain/.rvm/gems/ruby-2.2.3/gems/actionpack-4.2.4/lib/action_dispatch/middleware/templates/rescues/_trace.html.erb (5.3ms)
  Rendered /Users/guychamberlain/.rvm/gems/ruby-2.2.3/gems/actionpack-4.2.4/lib/action_dispatch/middleware/templates/rescues/_request_and_response.html.erb (0.8ms)
  Rendered /Users/guychamberlain/.rvm/gems/ruby-2.2.3/gems/actionpack-4.2.4/lib/action_dispatch/middleware/templates/rescues/template_error.html.erb within rescues/layout (63.7ms)
  Rendered /Users/guychamberlain/.rvm/gems/ruby-2.2.3/gems/web-console-2.2.1/lib/web_console/templates/_markup.html.erb (0.4ms)
  Rendered /Users/guychamberlain/.rvm/gems/ruby-2.2.3/gems/web-console-2.2.1/lib/web_console/templates/_inner_console_markup.html.erb within layouts/inlined_string (0.3ms)
  Rendered /Users/guychamberlain/.rvm/gems/ruby-2.2.3/gems/web-console-2.2.1/lib/web_console/templates/_prompt_box_markup.html.erb within layouts/inlined_string (0.3ms)
  Rendered /Users/guychamberlain/.rvm/gems/ruby-2.2.3/gems/web-console-2.2.1/lib/web_console/templates/style.css.erb within layouts/inlined_string (0.2ms)
  Rendered /Users/guychamberlain/.rvm/gems/ruby-2.2.3/gems/web-console-2.2.1/lib/web_console/templates/console.js.erb within layouts/javascript (35.9ms)
  Rendered /Users/guychamberlain/.rvm/gems/ruby-2.2.3/gems/web-console-2.2.1/lib/web_console/templates/main.js.erb within layouts/javascript (0.3ms)
  Rendered /Users/guychamberlain/.rvm/gems/ruby-2.2.3/gems/web-console-2.2.1/lib/web_console/templates/error_page.js.erb within layouts/javascript (0.3ms)
  Rendered /Users/guychamberlain/.rvm/gems/ruby-2.2.3/gems/web-console-2.2.1/lib/web_console/templates/index.html.erb (90.6ms)


Started GET "/authors/new" for ::1 at 2015-09-02 21:36:29 +1000
Processing by AuthorsController#new as HTML
  Rendered authors/_form.html.erb (1.2ms)
  Rendered authors/new.html.erb within layouts/application (2.0ms)
Completed 500 Internal Server Error in 16ms (ActiveRecord: 0.0ms)

ActionView::Template::Error (Invalid CSS after "	background-size": expected ";", was ": 100% 100%;"):
    2: <html>
    3: <head>
    4:   <title>Bookstore</title>
    5:   <%= stylesheet_link_tag    'application', media: 'all', 'data-turbolinks-track' => true %>
    6:   <%= javascript_include_tag 'application', 'data-turbolinks-track' => true %>
    7:   <%= csrf_meta_tags %>
    8: </head>
  app/assets/stylesheets/authors.scss:5
  app/views/layouts/application.html.erb:5:in `_app_views_layouts_application_html_erb___31531943481433611_70255210452240'


  Rendered /Users/guychamberlain/.rvm/gems/ruby-2.2.3/gems/actionpack-4.2.4/lib/action_dispatch/middleware/templates/rescues/_source.erb (7.6ms)
  Rendered /Users/guychamberlain/.rvm/gems/ruby-2.2.3/gems/actionpack-4.2.4/lib/action_dispatch/middleware/templates/rescues/_trace.html.erb (4.9ms)
  Rendered /Users/guychamberlain/.rvm/gems/ruby-2.2.3/gems/actionpack-4.2.4/lib/action_dispatch/middleware/templates/rescues/_request_and_response.html.erb (0.9ms)
  Rendered /Users/guychamberlain/.rvm/gems/ruby-2.2.3/gems/actionpack-4.2.4/lib/action_dispatch/middleware/templates/rescues/template_error.html.erb within rescues/layout (56.5ms)
  Rendered /Users/guychamberlain/.rvm/gems/ruby-2.2.3/gems/web-console-2.2.1/lib/web_console/templates/_markup.html.erb (0.4ms)
  Rendered /Users/guychamberlain/.rvm/gems/ruby-2.2.3/gems/web-console-2.2.1/lib/web_console/templates/_inner_console_markup.html.erb within layouts/inlined_string (0.5ms)
  Rendered /Users/guychamberlain/.rvm/gems/ruby-2.2.3/gems/web-console-2.2.1/lib/web_console/templates/_prompt_box_markup.html.erb within layouts/inlined_string (0.3ms)
  Rendered /Users/guychamberlain/.rvm/gems/ruby-2.2.3/gems/web-console-2.2.1/lib/web_console/templates/style.css.erb within layouts/inlined_string (0.4ms)
  Rendered /Users/guychamberlain/.rvm/gems/ruby-2.2.3/gems/web-console-2.2.1/lib/web_console/templates/console.js.erb within layouts/javascript (46.6ms)
  Rendered /Users/guychamberlain/.rvm/gems/ruby-2.2.3/gems/web-console-2.2.1/lib/web_console/templates/main.js.erb within layouts/javascript (0.3ms)
  Rendered /Users/guychamberlain/.rvm/gems/ruby-2.2.3/gems/web-console-2.2.1/lib/web_console/templates/error_page.js.erb within layouts/javascript (8.1ms)
  Rendered /Users/guychamberlain/.rvm/gems/ruby-2.2.3/gems/web-console-2.2.1/lib/web_console/templates/index.html.erb (100.6ms)


Started GET "/authors/new" for ::1 at 2015-09-02 21:37:27 +1000
Processing by AuthorsController#new as HTML
  Rendered authors/_form.html.erb (1.6ms)
  Rendered authors/new.html.erb within layouts/application (2.5ms)
Completed 200 OK in 58ms (Views: 57.1ms | ActiveRecord: 0.0ms)


Started GET "/assets/authors.self-a2b65239f9b32d4b22521c814fc9fbcc83a1e51fa1ae5779e9fc733914a8f2fb.css?body=1" for ::1 at 2015-09-02 21:37:27 +1000


Started GET "/assets/application.self-e80e8f2318043e8af94dddc2adad5a4f09739a8ebb323b3ab31cd71d45fd9113.css?body=1" for ::1 at 2015-09-02 21:37:27 +1000


Started GET "/assets/books.self-e3b0c44298fc1c149afbf4c8996fb92427ae41e4649b934ca495991b7852b855.css?body=1" for ::1 at 2015-09-02 21:37:27 +1000


Started GET "/assets/jquery_ujs.self-d456baa54c1fa6be2ec3711f0a72ddf7a5b2f34a6b4f515f33767d6207b7d4b3.js?body=1" for ::1 at 2015-09-02 21:37:27 +1000


Started GET "/assets/jquery.self-a714331225dda820228db323939889f149aec0127aeb06255646b616ba1ca419.js?body=1" for ::1 at 2015-09-02 21:37:27 +1000


Started GET "/assets/authors.self-877aef30ae1b040ab8a3aba4e3e309a11d7f2612f44dde450b5c157aa5f95c05.js?body=1" for ::1 at 2015-09-02 21:37:27 +1000


Started GET "/assets/turbolinks.self-c37727e9bd6b2735da5c311aa83fead54ed0be6cc8bd9a65309e9c5abe2cbfff.js?body=1" for ::1 at 2015-09-02 21:37:27 +1000


Started GET "/assets/books.self-877aef30ae1b040ab8a3aba4e3e309a11d7f2612f44dde450b5c157aa5f95c05.js?body=1" for ::1 at 2015-09-02 21:37:27 +1000


Started GET "/assets/application.self-3b8dabdc891efe46b9a144b400ad69e37d7e5876bdc39dee783419a69d7ca819.js?body=1" for ::1 at 2015-09-02 21:37:27 +1000


Started GET "/authors/new" for ::1 at 2015-09-02 21:38:41 +1000
Processing by AuthorsController#new as HTML
  Rendered authors/_form.html.erb (1.1ms)
  Rendered authors/new.html.erb within layouts/application (1.9ms)
Completed 500 Internal Server Error in 17ms (ActiveRecord: 0.0ms)

ActionView::Template::Error (Invalid CSS after "...background-size": expected ";", was ": cover;"):
    2: <html>
    3: <head>
    4:   <title>Bookstore</title>
    5:   <%= stylesheet_link_tag    'application', media: 'all', 'data-turbolinks-track' => true %>
    6:   <%= javascript_include_tag 'application', 'data-turbolinks-track' => true %>
    7:   <%= csrf_meta_tags %>
    8: </head>
  app/assets/stylesheets/authors.scss:5
  app/views/layouts/application.html.erb:5:in `_app_views_layouts_application_html_erb___31531943481433611_70255210452240'


  Rendered /Users/guychamberlain/.rvm/gems/ruby-2.2.3/gems/actionpack-4.2.4/lib/action_dispatch/middleware/templates/rescues/_source.erb (7.8ms)
  Rendered /Users/guychamberlain/.rvm/gems/ruby-2.2.3/gems/actionpack-4.2.4/lib/action_dispatch/middleware/templates/rescues/_trace.html.erb (2.7ms)
  Rendered /Users/guychamberlain/.rvm/gems/ruby-2.2.3/gems/actionpack-4.2.4/lib/action_dispatch/middleware/templates/rescues/_request_and_response.html.erb (0.8ms)
  Rendered /Users/guychamberlain/.rvm/gems/ruby-2.2.3/gems/actionpack-4.2.4/lib/action_dispatch/middleware/templates/rescues/template_error.html.erb within rescues/layout (54.6ms)
  Rendered /Users/guychamberlain/.rvm/gems/ruby-2.2.3/gems/web-console-2.2.1/lib/web_console/templates/_markup.html.erb (0.5ms)
  Rendered /Users/guychamberlain/.rvm/gems/ruby-2.2.3/gems/web-console-2.2.1/lib/web_console/templates/_inner_console_markup.html.erb within layouts/inlined_string (0.3ms)
  Rendered /Users/guychamberlain/.rvm/gems/ruby-2.2.3/gems/web-console-2.2.1/lib/web_console/templates/_prompt_box_markup.html.erb within layouts/inlined_string (0.5ms)
  Rendered /Users/guychamberlain/.rvm/gems/ruby-2.2.3/gems/web-console-2.2.1/lib/web_console/templates/style.css.erb within layouts/inlined_string (0.2ms)
  Rendered /Users/guychamberlain/.rvm/gems/ruby-2.2.3/gems/web-console-2.2.1/lib/web_console/templates/console.js.erb within layouts/javascript (49.5ms)
  Rendered /Users/guychamberlain/.rvm/gems/ruby-2.2.3/gems/web-console-2.2.1/lib/web_console/templates/main.js.erb within layouts/javascript (0.4ms)
  Rendered /Users/guychamberlain/.rvm/gems/ruby-2.2.3/gems/web-console-2.2.1/lib/web_console/templates/error_page.js.erb within layouts/javascript (0.4ms)
  Rendered /Users/guychamberlain/.rvm/gems/ruby-2.2.3/gems/web-console-2.2.1/lib/web_console/templates/index.html.erb (115.4ms)


Started GET "/authors/new" for ::1 at 2015-09-02 21:38:58 +1000
Processing by AuthorsController#new as HTML
  Rendered authors/_form.html.erb (1.2ms)
  Rendered authors/new.html.erb within layouts/application (2.0ms)
Completed 200 OK in 67ms (Views: 66.4ms | ActiveRecord: 0.0ms)


Started GET "/assets/authors.self-b697a81852422e2f25124ce0ca063879c043dda2ea2b126f02b31b50ce9cb26e.css?body=1" for ::1 at 2015-09-02 21:38:58 +1000


Started GET "/assets/turbolinks.self-c37727e9bd6b2735da5c311aa83fead54ed0be6cc8bd9a65309e9c5abe2cbfff.js?body=1" for ::1 at 2015-09-02 21:38:58 +1000


Started GET "/assets/books.self-e3b0c44298fc1c149afbf4c8996fb92427ae41e4649b934ca495991b7852b855.css?body=1" for ::1 at 2015-09-02 21:38:58 +1000


Started GET "/assets/jquery.self-a714331225dda820228db323939889f149aec0127aeb06255646b616ba1ca419.js?body=1" for ::1 at 2015-09-02 21:38:58 +1000


Started GET "/assets/application.self-e80e8f2318043e8af94dddc2adad5a4f09739a8ebb323b3ab31cd71d45fd9113.css?body=1" for ::1 at 2015-09-02 21:38:58 +1000


Started GET "/assets/jquery_ujs.self-d456baa54c1fa6be2ec3711f0a72ddf7a5b2f34a6b4f515f33767d6207b7d4b3.js?body=1" for ::1 at 2015-09-02 21:38:58 +1000


Started GET "/assets/authors.self-877aef30ae1b040ab8a3aba4e3e309a11d7f2612f44dde450b5c157aa5f95c05.js?body=1" for ::1 at 2015-09-02 21:38:58 +1000


Started GET "/assets/books.self-877aef30ae1b040ab8a3aba4e3e309a11d7f2612f44dde450b5c157aa5f95c05.js?body=1" for ::1 at 2015-09-02 21:38:58 +1000


Started GET "/assets/application.self-3b8dabdc891efe46b9a144b400ad69e37d7e5876bdc39dee783419a69d7ca819.js?body=1" for ::1 at 2015-09-02 21:38:58 +1000


Started GET "/authors/new" for ::1 at 2015-09-02 21:39:18 +1000
Processing by AuthorsController#new as HTML
  Rendered authors/_form.html.erb (1.2ms)
  Rendered authors/new.html.erb within layouts/application (1.9ms)
Completed 200 OK in 55ms (Views: 54.2ms | ActiveRecord: 0.0ms)


Started GET "/assets/authors.self-d5cb93a74358dfd17fb55f6752e02bc4fff42e9f859e19fe345f5be3c2671c85.css?body=1" for ::1 at 2015-09-02 21:39:18 +1000


Started GET "/assets/books.self-e3b0c44298fc1c149afbf4c8996fb92427ae41e4649b934ca495991b7852b855.css?body=1" for ::1 at 2015-09-02 21:39:18 +1000


Started GET "/assets/jquery.self-a714331225dda820228db323939889f149aec0127aeb06255646b616ba1ca419.js?body=1" for ::1 at 2015-09-02 21:39:18 +1000


Started GET "/assets/jquery_ujs.self-d456baa54c1fa6be2ec3711f0a72ddf7a5b2f34a6b4f515f33767d6207b7d4b3.js?body=1" for ::1 at 2015-09-02 21:39:18 +1000


Started GET "/assets/application.self-e80e8f2318043e8af94dddc2adad5a4f09739a8ebb323b3ab31cd71d45fd9113.css?body=1" for ::1 at 2015-09-02 21:39:18 +1000


Started GET "/assets/turbolinks.self-c37727e9bd6b2735da5c311aa83fead54ed0be6cc8bd9a65309e9c5abe2cbfff.js?body=1" for ::1 at 2015-09-02 21:39:18 +1000


Started GET "/assets/authors.self-877aef30ae1b040ab8a3aba4e3e309a11d7f2612f44dde450b5c157aa5f95c05.js?body=1" for ::1 at 2015-09-02 21:39:18 +1000


Started GET "/assets/books.self-877aef30ae1b040ab8a3aba4e3e309a11d7f2612f44dde450b5c157aa5f95c05.js?body=1" for ::1 at 2015-09-02 21:39:18 +1000


Started GET "/assets/application.self-3b8dabdc891efe46b9a144b400ad69e37d7e5876bdc39dee783419a69d7ca819.js?body=1" for ::1 at 2015-09-02 21:39:18 +1000


Started GET "/authors/new" for ::1 at 2015-09-02 21:39:46 +1000
Processing by AuthorsController#new as HTML
  Rendered authors/_form.html.erb (1.3ms)
  Rendered authors/new.html.erb within layouts/application (2.1ms)
Completed 200 OK in 84ms (Views: 83.0ms | ActiveRecord: 0.0ms)


Started GET "/assets/authors.self-8085239237967b459c55fb2bfbb2534355f18ab1dc70ef7d07a29c521502ffa8.css?body=1" for ::1 at 2015-09-02 21:39:46 +1000


Started GET "/assets/application.self-e80e8f2318043e8af94dddc2adad5a4f09739a8ebb323b3ab31cd71d45fd9113.css?body=1" for ::1 at 2015-09-02 21:39:46 +1000


Started GET "/assets/books.self-e3b0c44298fc1c149afbf4c8996fb92427ae41e4649b934ca495991b7852b855.css?body=1" for ::1 at 2015-09-02 21:39:46 +1000


Started GET "/assets/jquery.self-a714331225dda820228db323939889f149aec0127aeb06255646b616ba1ca419.js?body=1" for ::1 at 2015-09-02 21:39:46 +1000


Started GET "/assets/jquery_ujs.self-d456baa54c1fa6be2ec3711f0a72ddf7a5b2f34a6b4f515f33767d6207b7d4b3.js?body=1" for ::1 at 2015-09-02 21:39:46 +1000


Started GET "/assets/turbolinks.self-c37727e9bd6b2735da5c311aa83fead54ed0be6cc8bd9a65309e9c5abe2cbfff.js?body=1" for ::1 at 2015-09-02 21:39:46 +1000


Started GET "/assets/authors.self-877aef30ae1b040ab8a3aba4e3e309a11d7f2612f44dde450b5c157aa5f95c05.js?body=1" for ::1 at 2015-09-02 21:39:46 +1000


Started GET "/assets/books.self-877aef30ae1b040ab8a3aba4e3e309a11d7f2612f44dde450b5c157aa5f95c05.js?body=1" for ::1 at 2015-09-02 21:39:46 +1000


Started GET "/assets/application.self-3b8dabdc891efe46b9a144b400ad69e37d7e5876bdc39dee783419a69d7ca819.js?body=1" for ::1 at 2015-09-02 21:39:46 +1000


Started GET "/authors/new" for ::1 at 2015-09-02 21:40:12 +1000
Processing by AuthorsController#new as HTML
  Rendered authors/_form.html.erb (1.4ms)
  Rendered authors/new.html.erb within layouts/application (2.3ms)
Completed 200 OK in 69ms (Views: 68.8ms | ActiveRecord: 0.0ms)


Started GET "/assets/application.self-e80e8f2318043e8af94dddc2adad5a4f09739a8ebb323b3ab31cd71d45fd9113.css?body=1" for ::1 at 2015-09-02 21:40:12 +1000


Started GET "/assets/authors.self-6ec511e90e41cfb2df6a6e68b2367dd7944a3416db6e6f72bbe4ce7524dee442.css?body=1" for ::1 at 2015-09-02 21:40:12 +1000


Started GET "/assets/books.self-e3b0c44298fc1c149afbf4c8996fb92427ae41e4649b934ca495991b7852b855.css?body=1" for ::1 at 2015-09-02 21:40:12 +1000


Started GET "/assets/turbolinks.self-c37727e9bd6b2735da5c311aa83fead54ed0be6cc8bd9a65309e9c5abe2cbfff.js?body=1" for ::1 at 2015-09-02 21:40:12 +1000


Started GET "/assets/jquery.self-a714331225dda820228db323939889f149aec0127aeb06255646b616ba1ca419.js?body=1" for ::1 at 2015-09-02 21:40:12 +1000


Started GET "/assets/jquery_ujs.self-d456baa54c1fa6be2ec3711f0a72ddf7a5b2f34a6b4f515f33767d6207b7d4b3.js?body=1" for ::1 at 2015-09-02 21:40:12 +1000


Started GET "/assets/authors.self-877aef30ae1b040ab8a3aba4e3e309a11d7f2612f44dde450b5c157aa5f95c05.js?body=1" for ::1 at 2015-09-02 21:40:12 +1000


Started GET "/assets/books.self-877aef30ae1b040ab8a3aba4e3e309a11d7f2612f44dde450b5c157aa5f95c05.js?body=1" for ::1 at 2015-09-02 21:40:12 +1000


Started GET "/assets/application.self-3b8dabdc891efe46b9a144b400ad69e37d7e5876bdc39dee783419a69d7ca819.js?body=1" for ::1 at 2015-09-02 21:40:12 +1000


Started GET "/authors" for ::1 at 2015-09-02 21:40:13 +1000
Processing by AuthorsController#index as HTML
  [1m[36mAuthor Load (1.0ms)[0m  [1mSELECT "authors".* FROM "authors"[0m
  Rendered authors/index.html.erb within layouts/application (2.7ms)
Completed 200 OK in 40ms (Views: 38.6ms | ActiveRecord: 1.0ms)


Started GET "/authors/1" for ::1 at 2015-09-02 21:40:19 +1000
Processing by AuthorsController#show as HTML
  Parameters: {"id"=>"1"}
  [1m[35mAuthor Load (0.1ms)[0m  SELECT  "authors".* FROM "authors" WHERE "authors"."id" = ? LIMIT 1  [["id", 1]]
  [1m[36mBook Load (0.2ms)[0m  [1mSELECT "books".* FROM "books" WHERE "books"."author_id" = ?[0m  [["author_id", 1]]
  Rendered authors/show.html.erb within layouts/application (2.2ms)
Completed 200 OK in 47ms (Views: 45.1ms | ActiveRecord: 0.3ms)


Started GET "/books/1" for ::1 at 2015-09-02 21:40:21 +1000
Processing by BooksController#show as HTML
  Parameters: {"id"=>"1"}
  [1m[35mBook Load (0.3ms)[0m  SELECT  "books".* FROM "books" WHERE "books"."id" = ? LIMIT 1  [["id", 1]]
  [1m[36mAuthor Load (0.1ms)[0m  [1mSELECT  "authors".* FROM "authors" WHERE "authors"."id" = ? LIMIT 1[0m  [["id", 1]]
  Rendered books/show.html.erb within layouts/application (2.7ms)
Completed 200 OK in 45ms (Views: 42.7ms | ActiveRecord: 0.4ms)


Started GET "/authors/1" for ::1 at 2015-09-02 21:40:26 +1000
Processing by AuthorsController#show as HTML
  Parameters: {"id"=>"1"}
  [1m[35mAuthor Load (0.3ms)[0m  SELECT  "authors".* FROM "authors" WHERE "authors"."id" = ? LIMIT 1  [["id", 1]]
  [1m[36mBook Load (0.1ms)[0m  [1mSELECT "books".* FROM "books" WHERE "books"."author_id" = ?[0m  [["author_id", 1]]
  Rendered authors/show.html.erb within layouts/application (1.3ms)
Completed 200 OK in 40ms (Views: 38.8ms | ActiveRecord: 0.3ms)
